#
# There is insufficient memory for the Java Runtime Environment to continue.
# Native memory allocation (mmap) failed to map 42991616 bytes for committing reserved memory.
# Possible reasons:
#   The system is out of physical RAM or swap space
#   In 32 bit mode, the process size limit was hit
# Possible solutions:
#   Reduce memory load on the system
#   Increase physical memory or swap space
#   Check if swap backing store is full
#   Use 64 bit Java on a 64 bit OS
#   Decrease Java heap size (-Xmx/-Xms)
#   Decrease number of Java threads
#   Decrease Java thread stack sizes (-Xss)
#   Set larger code cache with -XX:ReservedCodeCacheSize=
# This output file may be truncated or incomplete.
#
#  Out of Memory Error (os_linux.cpp:2640), pid=9987, tid=0x00007f1eac8d5700
#
# JRE version: Java(TM) SE Runtime Environment (8.0_144-b01) (build 1.8.0_144-b01)
# Java VM: Java HotSpot(TM) 64-Bit Server VM (25.144-b01 mixed mode linux-amd64 compressed oops)
# Failed to write core dump. Core dumps have been disabled. To enable core dumping, try "ulimit -c unlimited" before starting Java again
#

---------------  T H R E A D  ---------------

Current thread (0x00007f1ec4077800):  VMThread [stack: 0x00007f1eac7d5000,0x00007f1eac8d6000] [id=9999]

Stack: [0x00007f1eac7d5000,0x00007f1eac8d6000],  sp=0x00007f1eac8d3fa0,  free space=1019k
Native frames: (J=compiled Java code, j=interpreted, Vv=VM code, C=native code)
V  [libjvm.so+0xacb18a]  VMError::report_and_die()+0x2ba
V  [libjvm.so+0x4ff4db]  report_vm_out_of_memory(char const*, int, unsigned long, VMErrorType, char const*)+0x8b
V  [libjvm.so+0x927d23]  os::Linux::commit_memory_impl(char*, unsigned long, bool)+0x103
V  [libjvm.so+0x928279]  os::pd_commit_memory(char*, unsigned long, unsigned long, bool)+0x29
V  [libjvm.so+0x92249a]  os::commit_memory(char*, unsigned long, unsigned long, bool)+0x2a
V  [libjvm.so+0x996ff3]  PSVirtualSpace::expand_by(unsigned long)+0x53
V  [libjvm.so+0x9983f8]  PSYoungGen::resize_generation(unsigned long, unsigned long)+0xf8
V  [libjvm.so+0x997552]  PSYoungGen::resize(unsigned long, unsigned long)+0x22
V  [libjvm.so+0x99482b]  PSScavenge::invoke_no_policy()+0xf3b
V  [libjvm.so+0x994fb1]  PSScavenge::invoke()+0x41
V  [libjvm.so+0x94bce0]  ParallelScavengeHeap::failed_mem_allocate(unsigned long)+0x70
V  [libjvm.so+0xaccba7]  VM_ParallelGCFailedAllocation::doit()+0x97
V  [libjvm.so+0xad4685]  VM_Operation::evaluate()+0x55
V  [libjvm.so+0xad2a5a]  VMThread::evaluate_operation(VM_Operation*)+0xba
V  [libjvm.so+0xad2dde]  VMThread::loop()+0x1ce
V  [libjvm.so+0xad3250]  VMThread::run()+0x70
V  [libjvm.so+0x92a338]  java_start(Thread*)+0x108

VM_Operation (0x00007f1ecad7d480): ParallelGCFailedAllocation, mode: safepoint, requested by thread 0x00007f1ec4009800


---------------  P R O C E S S  ---------------

Java Threads: ( => current thread )
  0x00007f1ec4ff9000 JavaThread "pool-1-thread-1" [_thread_blocked, id=10008, stack(0x00007f1ea5ad8000,0x00007f1ea5bd9000)]
  0x00007f1ec40db000 JavaThread "Service Thread" daemon [_thread_blocked, id=10006, stack(0x00007f1ea7bfc000,0x00007f1ea7cfd000)]
  0x00007f1ec40be000 JavaThread "C1 CompilerThread2" daemon [_thread_blocked, id=10005, stack(0x00007f1ea7cfd000,0x00007f1ea7dfe000)]
  0x00007f1ec40bc800 JavaThread "C2 CompilerThread1" daemon [_thread_blocked, id=10004, stack(0x00007f1ea7dfe000,0x00007f1ea7eff000)]
  0x00007f1ec40b9800 JavaThread "C2 CompilerThread0" daemon [_thread_blocked, id=10003, stack(0x00007f1ea7eff000,0x00007f1ea8000000)]
  0x00007f1ec40b8000 JavaThread "Signal Dispatcher" daemon [_thread_blocked, id=10002, stack(0x00007f1eac0c6000,0x00007f1eac1c7000)]
  0x00007f1ec4084000 JavaThread "Finalizer" daemon [_thread_blocked, id=10001, stack(0x00007f1eac5d3000,0x00007f1eac6d4000)]
  0x00007f1ec407f000 JavaThread "Reference Handler" daemon [_thread_blocked, id=10000, stack(0x00007f1eac6d4000,0x00007f1eac7d5000)]
  0x00007f1ec4009800 JavaThread "main" [_thread_blocked, id=9994, stack(0x00007f1ecac83000,0x00007f1ecad84000)]

Other Threads:
=>0x00007f1ec4077800 VMThread [stack: 0x00007f1eac7d5000,0x00007f1eac8d6000] [id=9999]
  0x00007f1ec40e6000 WatcherThread [stack: 0x00007f1ea7afb000,0x00007f1ea7bfc000] [id=10007]

VM state:at safepoint (normal execution)

VM Mutex/Monitor currently owned by a thread:  ([mutex/lock_event])
[0x00007f1ec4005f30] Threads_lock - owner thread: 0x00007f1ec4077800
[0x00007f1ec4006430] Heap_lock - owner thread: 0x00007f1ec4009800

Heap:
 PSYoungGen      total 34304K, used 2528K [0x00000000ebf00000, 0x00000000ee300000, 0x0000000100000000)
  eden space 31744K, 0% used [0x00000000ebf00000,0x00000000ebf00000,0x00000000ede00000)
  from space 2560K, 98% used [0x00000000ede00000,0x00000000ee078040,0x00000000ee080000)
  to   space 2560K, 0% used [0x00000000ee080000,0x00000000ee080000,0x00000000ee300000)
 ParOldGen       total 42496K, used 9572K [0x00000000c3c00000, 0x00000000c6580000, 0x00000000ebf00000)
  object space 42496K, 22% used [0x00000000c3c00000,0x00000000c4559350,0x00000000c6580000)
 Metaspace       used 16874K, capacity 17134K, committed 17280K, reserved 1064960K
  class space    used 2323K, capacity 2410K, committed 2432K, reserved 1048576K

Card table byte_map: [0x00007f1eb4842000,0x00007f1eb4a25000] byte_map_base: 0x00007f1eb4224000

Marking Bits: (ParMarkBitMap*) 0x00007f1eca155dc0
 Begin Bits: [0x00007f1eae1e0000, 0x00007f1eaf0f0000)
 End Bits:   [0x00007f1eaf0f0000, 0x00007f1eb0000000)

Polling page: 0x00007f1ecada3000

CodeCache: size=245760Kb used=4169Kb max_used=4169Kb free=241591Kb
 bounds [0x00007f1eb4de5000, 0x00007f1eb5205000, 0x00007f1ec3de5000]
 total_blobs=1484 nmethods=1133 adapters=264
 compilation: enabled

Compilation events (10 events):
Event: 19.971 Thread 0x00007f1ec40be000 1134       3       groovy.lang.MetaProperty::<init> (15 bytes)
Event: 19.973 Thread 0x00007f1ec40be000 nmethod 1134 0x00007f1eb51f7350 code [0x00007f1eb51f74c0, 0x00007f1eb51f7690]
Event: 19.973 Thread 0x00007f1ec40be000 1135       3       groovy.lang.MetaClassImpl::filterPropertyMethod (318 bytes)
Event: 19.983 Thread 0x00007f1ec40be000 nmethod 1135 0x00007f1eb51f7750 code [0x00007f1eb51f7a40, 0x00007f1eb51f9588]
Event: 19.983 Thread 0x00007f1ec40be000 1136       3       org.codehaus.groovy.util.SingleKeyHashMap::get (67 bytes)
Event: 19.984 Thread 0x00007f1ec40be000 nmethod 1136 0x00007f1eb51f9e50 code [0x00007f1eb51fa000, 0x00007f1eb51fa6d8]
Event: 19.984 Thread 0x00007f1ec40be000 1137       1       org.codehaus.groovy.reflection.GeneratedMetaMethod::getReturnType (5 bytes)
Event: 19.984 Thread 0x00007f1ec40be000 nmethod 1137 0x00007f1eb51fa990 code [0x00007f1eb51faae0, 0x00007f1eb51fabf0]
Event: 20.026 Thread 0x00007f1ec40be000 1138       3       java.util.HashMap::afterNodeRemoval (1 bytes)
Event: 20.056 Thread 0x00007f1ec40be000 nmethod 1138 0x00007f1eb51fac50 code [0x00007f1eb51fada0, 0x00007f1eb51faef0]

GC Heap History (9 events):
Event: 0.712 GC heap before
{Heap before GC invocations=1 (full 0):
 PSYoungGen      total 18432K, used 15872K [0x00000000ebf00000, 0x00000000ed380000, 0x0000000100000000)
  eden space 15872K, 100% used [0x00000000ebf00000,0x00000000ece80000,0x00000000ece80000)
  from space 2560K, 0% used [0x00000000ed100000,0x00000000ed100000,0x00000000ed380000)
  to   space 2560K, 0% used [0x00000000ece80000,0x00000000ece80000,0x00000000ed100000)
 ParOldGen       total 42496K, used 0K [0x00000000c3c00000, 0x00000000c6580000, 0x00000000ebf00000)
  object space 42496K, 0% used [0x00000000c3c00000,0x00000000c3c00000,0x00000000c6580000)
 Metaspace       used 6643K, capacity 6864K, committed 7168K, reserved 1056768K
  class space    used 844K, capacity 928K, committed 1024K, reserved 1048576K
Event: 0.715 GC heap after
Heap after GC invocations=1 (full 0):
 PSYoungGen      total 18432K, used 2547K [0x00000000ebf00000, 0x00000000ed380000, 0x0000000100000000)
  eden space 15872K, 0% used [0x00000000ebf00000,0x00000000ebf00000,0x00000000ece80000)
  from space 2560K, 99% used [0x00000000ece80000,0x00000000ed0fcd28,0x00000000ed100000)
  to   space 2560K, 0% used [0x00000000ed100000,0x00000000ed100000,0x00000000ed380000)
 ParOldGen       total 42496K, used 484K [0x00000000c3c00000, 0x00000000c6580000, 0x00000000ebf00000)
  object space 42496K, 1% used [0x00000000c3c00000,0x00000000c3c791c8,0x00000000c6580000)
 Metaspace       used 6643K, capacity 6864K, committed 7168K, reserved 1056768K
  class space    used 844K, capacity 928K, committed 1024K, reserved 1048576K
}
Event: 0.906 GC heap before
{Heap before GC invocations=2 (full 0):
 PSYoungGen      total 18432K, used 18419K [0x00000000ebf00000, 0x00000000ed380000, 0x0000000100000000)
  eden space 15872K, 100% used [0x00000000ebf00000,0x00000000ece80000,0x00000000ece80000)
  from space 2560K, 99% used [0x00000000ece80000,0x00000000ed0fcd28,0x00000000ed100000)
  to   space 2560K, 0% used [0x00000000ed100000,0x00000000ed100000,0x00000000ed380000)
 ParOldGen       total 42496K, used 484K [0x00000000c3c00000, 0x00000000c6580000, 0x00000000ebf00000)
  object space 42496K, 1% used [0x00000000c3c00000,0x00000000c3c791c8,0x00000000c6580000)
 Metaspace       used 8048K, capacity 8240K, committed 8320K, reserved 1056768K
  class space    used 1058K, capacity 1152K, committed 1152K, reserved 1048576K
Event: 0.911 GC heap after
Heap after GC invocations=2 (full 0):
 PSYoungGen      total 18432K, used 2536K [0x00000000ebf00000, 0x00000000ee300000, 0x0000000100000000)
  eden space 15872K, 0% used [0x00000000ebf00000,0x00000000ebf00000,0x00000000ece80000)
  from space 2560K, 99% used [0x00000000ed100000,0x00000000ed37a1f8,0x00000000ed380000)
  to   space 2560K, 0% used [0x00000000ece80000,0x00000000ece80000,0x00000000ed100000)
 ParOldGen       total 42496K, used 1093K [0x00000000c3c00000, 0x00000000c6580000, 0x00000000ebf00000)
  object space 42496K, 2% used [0x00000000c3c00000,0x00000000c3d11740,0x00000000c6580000)
 Metaspace       used 8048K, capacity 8240K, committed 8320K, reserved 1056768K
  class space    used 1058K, capacity 1152K, committed 1152K, reserved 1048576K
}
Event: 1.159 GC heap before
{Heap before GC invocations=3 (full 0):
 PSYoungGen      total 18432K, used 18408K [0x00000000ebf00000, 0x00000000ee300000, 0x0000000100000000)
  eden space 15872K, 100% used [0x00000000ebf00000,0x00000000ece80000,0x00000000ece80000)
  from space 2560K, 99% used [0x00000000ed100000,0x00000000ed37a1f8,0x00000000ed380000)
  to   space 2560K, 0% used [0x00000000ece80000,0x00000000ece80000,0x00000000ed100000)
 ParOldGen       total 42496K, used 1093K [0x00000000c3c00000, 0x00000000c6580000, 0x00000000ebf00000)
  object space 42496K, 2% used [0x00000000c3c00000,0x00000000c3d11740,0x00000000c6580000)
 Metaspace       used 9080K, capacity 9384K, committed 9600K, reserved 1056768K
  class space    used 1214K, capacity 1320K, committed 1408K, reserved 1048576K
Event: 1.168 GC heap after
Heap after GC invocations=3 (full 0):
 PSYoungGen      total 18432K, used 2528K [0x00000000ebf00000, 0x00000000ee300000, 0x0000000100000000)
  eden space 15872K, 0% used [0x00000000ebf00000,0x00000000ebf00000,0x00000000ece80000)
  from space 2560K, 98% used [0x00000000ece80000,0x00000000ed0f8020,0x00000000ed100000)
  to   space 2560K, 0% used [0x00000000ee080000,0x00000000ee080000,0x00000000ee300000)
 ParOldGen       total 42496K, used 1737K [0x00000000c3c00000, 0x00000000c6580000, 0x00000000ebf00000)
  object space 42496K, 4% used [0x00000000c3c00000,0x00000000c3db2668,0x00000000c6580000)
 Metaspace       used 9080K, capacity 9384K, committed 9600K, reserved 1056768K
  class space    used 1214K, capacity 1320K, committed 1408K, reserved 1048576K
}
Event: 1.427 GC heap before
{Heap before GC invocations=4 (full 0):
 PSYoungGen      total 18432K, used 18400K [0x00000000ebf00000, 0x00000000ee300000, 0x0000000100000000)
  eden space 15872K, 100% used [0x00000000ebf00000,0x00000000ece80000,0x00000000ece80000)
  from space 2560K, 98% used [0x00000000ece80000,0x00000000ed0f8020,0x00000000ed100000)
  to   space 2560K, 0% used [0x00000000ee080000,0x00000000ee080000,0x00000000ee300000)
 ParOldGen       total 42496K, used 1737K [0x00000000c3c00000, 0x00000000c6580000, 0x00000000ebf00000)
  object space 42496K, 4% used [0x00000000c3c00000,0x00000000c3db2668,0x00000000c6580000)
 Metaspace       used 10941K, capacity 11208K, committed 11392K, reserved 1058816K
  class space    used 1516K, capacity 1608K, committed 1664K, reserved 1048576K
Event: 1.432 GC heap after
Heap after GC invocations=4 (full 0):
 PSYoungGen      total 34304K, used 2528K [0x00000000ebf00000, 0x00000000ee300000, 0x0000000100000000)
  eden space 31744K, 0% used [0x00000000ebf00000,0x00000000ebf00000,0x00000000ede00000)
  from space 2560K, 98% used [0x00000000ee080000,0x00000000ee2f8040,0x00000000ee300000)
  to   space 2560K, 0% used [0x00000000ede00000,0x00000000ede00000,0x00000000ee080000)
 ParOldGen       total 42496K, used 3565K [0x00000000c3c00000, 0x00000000c6580000, 0x00000000ebf00000)
  object space 42496K, 8% used [0x00000000c3c00000,0x00000000c3f7b620,0x00000000c6580000)
 Metaspace       used 10941K, capacity 11208K, committed 11392K, reserved 1058816K
  class space    used 1516K, capacity 1608K, committed 1664K, reserved 1048576K
}
Event: 20.096 GC heap before
{Heap before GC invocations=5 (full 0):
 PSYoungGen      total 34304K, used 34272K [0x00000000ebf00000, 0x00000000ee300000, 0x0000000100000000)
  eden space 31744K, 100% used [0x00000000ebf00000,0x00000000ede00000,0x00000000ede00000)
  from space 2560K, 98% used [0x00000000ee080000,0x00000000ee2f8040,0x00000000ee300000)
  to   space 2560K, 0% used [0x00000000ede00000,0x00000000ede00000,0x00000000ee080000)
 ParOldGen       total 42496K, used 3565K [0x00000000c3c00000, 0x00000000c6580000, 0x00000000ebf00000)
  object space 42496K, 8% used [0x00000000c3c00000,0x00000000c3f7b620,0x00000000c6580000)
 Metaspace       used 16874K, capacity 17134K, committed 17280K, reserved 1064960K
  class space    used 2323K, capacity 2410K, committed 2432K, reserved 1048576K

Deoptimization events (10 events):
Event: 2.001 Thread 0x00007f1ec4009800 Uncommon trap: reason=unstable_if action=reinterpret pc=0x00007f1eb511b204 method=java.lang.ThreadLocal$ThreadLocalMap.getEntry(Ljava/lang/ThreadLocal;)Ljava/lang/ThreadLocal$ThreadLocalMap$Entry; @ 29
Event: 19.636 Thread 0x00007f1ec4009800 Uncommon trap: reason=bimorphic action=maybe_recompile pc=0x00007f1eb50f8d58 method=java.lang.ClassLoader.loadClass(Ljava/lang/String;Z)Ljava/lang/Class; @ 38
Event: 19.639 Thread 0x00007f1ec4009800 Uncommon trap: reason=bimorphic action=maybe_recompile pc=0x00007f1eb50f8d58 method=java.lang.ClassLoader.loadClass(Ljava/lang/String;Z)Ljava/lang/Class; @ 38
Event: 19.655 Thread 0x00007f1ec4009800 Uncommon trap: reason=unstable_if action=reinterpret pc=0x00007f1eb505a658 method=java.io.UnixFileSystem.normalize(Ljava/lang/String;)Ljava/lang/String; @ 60
Event: 19.657 Thread 0x00007f1ec4009800 Uncommon trap: reason=class_check action=maybe_recompile pc=0x00007f1eb50f1c6c method=sun.misc.URLClassPath.getLoader(I)Lsun/misc/URLClassPath$Loader; @ 94
Event: 19.657 Thread 0x00007f1ec4009800 Uncommon trap: reason=class_check action=maybe_recompile pc=0x00007f1eb51b124c method=sun.misc.URLClassPath.getResource(Ljava/lang/String;Z)Lsun/misc/Resource; @ 62
Event: 19.711 Thread 0x00007f1ec4009800 Uncommon trap: reason=bimorphic action=maybe_recompile pc=0x00007f1eb50f8d58 method=java.lang.ClassLoader.loadClass(Ljava/lang/String;Z)Ljava/lang/Class; @ 38
Event: 19.715 Thread 0x00007f1ec4009800 Uncommon trap: reason=bimorphic action=maybe_recompile pc=0x00007f1eb50f8d58 method=java.lang.ClassLoader.loadClass(Ljava/lang/String;Z)Ljava/lang/Class; @ 38
Event: 19.822 Thread 0x00007f1ec4009800 Uncommon trap: reason=class_check action=maybe_recompile pc=0x00007f1eb50f1da4 method=sun.misc.URLClassPath.getLoader(I)Lsun/misc/URLClassPath$Loader; @ 239
Event: 19.926 Thread 0x00007f1ec4009800 Uncommon trap: reason=class_check action=maybe_recompile pc=0x00007f1eb50f1da4 method=sun.misc.URLClassPath.getLoader(I)Lsun/misc/URLClassPath$Loader; @ 239

Internal exceptions (10 events):
Event: 19.846 Thread 0x00007f1ec4009800 Exception <a 'java/lang/ClassNotFoundException': org/gradle/groovy/scripts/DefaultScriptBeanInfo> (0x00000000edcffaf0) thrown at [/HUDSON3/workspace/8-2-build-linux-amd64/jdk8u144/9417/hotspot/src/share/vm/classfile/systemDictionary.cpp, line 210]
Event: 19.846 Thread 0x00007f1ec4009800 Exception <a 'java/lang/ClassNotFoundException': org/gradle/groovy/scripts/BasicScriptBeanInfo> (0x00000000edd0d678) thrown at [/HUDSON3/workspace/8-2-build-linux-amd64/jdk8u144/9417/hotspot/src/share/vm/classfile/systemDictionary.cpp, line 210]
Event: 19.847 Thread 0x00007f1ec4009800 Exception <a 'java/lang/ClassNotFoundException': org/gradle/groovy/scripts/ScriptBeanInfo> (0x00000000edd1a580) thrown at [/HUDSON3/workspace/8-2-build-linux-amd64/jdk8u144/9417/hotspot/src/share/vm/classfile/systemDictionary.cpp, line 210]
Event: 19.847 Thread 0x00007f1ec4009800 Exception <a 'java/lang/ClassNotFoundException': groovy/lang/ScriptBeanInfo> (0x00000000edd24a10) thrown at [/HUDSON3/workspace/8-2-build-linux-amd64/jdk8u144/9417/hotspot/src/share/vm/classfile/systemDictionary.cpp, line 210]
Event: 19.848 Thread 0x00007f1ec4009800 Exception <a 'java/lang/ClassNotFoundException': groovy/lang/ScriptCustomizer> (0x00000000edd2f860) thrown at [/HUDSON3/workspace/8-2-build-linux-amd64/jdk8u144/9417/hotspot/src/share/vm/classfile/systemDictionary.cpp, line 210]
Event: 19.853 Thread 0x00007f1ec4009800 Exception <a 'java/lang/ClassNotFoundException': org/gradle/groovy/scripts/ScriptCustomizer> (0x00000000edd46390) thrown at [/HUDSON3/workspace/8-2-build-linux-amd64/jdk8u144/9417/hotspot/src/share/vm/classfile/systemDictionary.cpp, line 210]
Event: 19.857 Thread 0x00007f1ec4009800 Exception <a 'java/lang/ClassNotFoundException': org/gradle/groovy/scripts/BasicScriptCustomizer> (0x00000000edd5dcf8) thrown at [/HUDSON3/workspace/8-2-build-linux-amd64/jdk8u144/9417/hotspot/src/share/vm/classfile/systemDictionary.cpp, line 210]
Event: 19.861 Thread 0x00007f1ec4009800 Exception <a 'java/lang/ClassNotFoundException': org/gradle/groovy/scripts/DefaultScriptCustomizer> (0x00000000edd77a90) thrown at [/HUDSON3/workspace/8-2-build-linux-amd64/jdk8u144/9417/hotspot/src/share/vm/classfile/systemDictionary.cpp, line 210]
Event: 19.900 Thread 0x00007f1ec4009800 Exception <a 'java/lang/ClassNotFoundException': org/gradle/initialization/SettingsScriptCustomizer> (0x00000000edda9368) thrown at [/HUDSON3/workspace/8-2-build-linux-amd64/jdk8u144/9417/hotspot/src/share/vm/classfile/systemDictionary.cpp, line 210]
Event: 19.961 Thread 0x00007f1ec4009800 Exception <a 'java/lang/ClassNotFoundException': settings_all2akw81ftcpkgx3d1ynufg5Customizer> (0x00000000eddb9e10) thrown at [/HUDSON3/workspace/8-2-build-linux-amd64/jdk8u144/9417/hotspot/src/share/vm/classfile/systemDictionary.cpp, line 210]

Events (10 events):
Event: 20.044 loading class org/gradle/api/internal/file/AbstractFileResolver$3 done
Event: 20.049 loading class org/gradle/api/internal/resources/DefaultResourceHandler
Event: 20.049 loading class org/gradle/api/internal/resources/DefaultResourceHandler done
Event: 20.056 loading class org/gradle/api/resources/TextResourceFactory
Event: 20.056 loading class org/gradle/api/resources/TextResourceFactory done
Event: 20.060 loading class org/gradle/api/internal/resources/DefaultTextResourceFactory
Event: 20.060 loading class org/gradle/api/internal/resources/DefaultTextResourceFactory done
Event: 20.061 loading class org/gradle/api/resources/TextResource
Event: 20.061 loading class org/gradle/api/resources/TextResource done
Event: 20.084 Executing VM operation: ParallelGCFailedAllocation


Dynamic libraries:
00400000-00401000 r-xp 00000000 08:02 11030737                           /usr/lib/jvm/java-8-oracle/bin/java
00600000-00601000 rw-p 00000000 08:02 11030737                           /usr/lib/jvm/java-8-oracle/bin/java
010c7000-010e8000 rw-p 00000000 00:00 0                                  [heap]
c3c00000-c6580000 rw-p 00000000 00:00 0 
c6580000-ebf00000 ---p 00000000 00:00 0 
ebf00000-ee300000 rw-p 00000000 00:00 0 
f0c00000-100000000 ---p 00000000 00:00 0 
100000000-100260000 rw-p 00000000 00:00 0 
100260000-140000000 ---p 00000000 00:00 0 
7f1e70000000-7f1e70021000 rw-p 00000000 00:00 0 
7f1e70021000-7f1e74000000 ---p 00000000 00:00 0 
7f1e78000000-7f1e78021000 rw-p 00000000 00:00 0 
7f1e78021000-7f1e7c000000 ---p 00000000 00:00 0 
7f1e7c000000-7f1e7c021000 rw-p 00000000 00:00 0 
7f1e7c021000-7f1e80000000 ---p 00000000 00:00 0 
7f1e80000000-7f1e8195e000 rw-p 00000000 00:00 0 
7f1e8195e000-7f1e84000000 ---p 00000000 00:00 0 
7f1e84000000-7f1e843c4000 rw-p 00000000 00:00 0 
7f1e843c4000-7f1e88000000 ---p 00000000 00:00 0 
7f1e88000000-7f1e88021000 rw-p 00000000 00:00 0 
7f1e88021000-7f1e8c000000 ---p 00000000 00:00 0 
7f1e8c000000-7f1e8d01d000 rw-p 00000000 00:00 0 
7f1e8d01d000-7f1e90000000 ---p 00000000 00:00 0 
7f1e90000000-7f1e90021000 rw-p 00000000 00:00 0 
7f1e90021000-7f1e94000000 ---p 00000000 00:00 0 
7f1e94000000-7f1e94021000 rw-p 00000000 00:00 0 
7f1e94021000-7f1e98000000 ---p 00000000 00:00 0 
7f1e98000000-7f1e98021000 rw-p 00000000 00:00 0 
7f1e98021000-7f1e9c000000 ---p 00000000 00:00 0 
7f1e9c000000-7f1e9c290000 rw-p 00000000 00:00 0 
7f1e9c290000-7f1ea0000000 ---p 00000000 00:00 0 
7f1ea0000000-7f1ea0021000 rw-p 00000000 00:00 0 
7f1ea0021000-7f1ea4000000 ---p 00000000 00:00 0 
7f1ea58d8000-7f1ea5958000 rw-p 00000000 00:00 0 
7f1ea5958000-7f1ea5ad8000 ---p 00000000 00:00 0 
7f1ea5ad8000-7f1ea5adb000 ---p 00000000 00:00 0 
7f1ea5adb000-7f1ea5dd9000 rw-p 00000000 00:00 0 
7f1ea5dd9000-7f1ea5fd9000 rw-p 00000000 00:00 0 
7f1ea5fd9000-7f1ea6053000 r--s 010f7000 08:02 11029846                   /usr/lib/jvm/java-8-oracle/lib/tools.jar
7f1ea6053000-7f1ea6253000 rw-p 00000000 00:00 0 
7f1ea6253000-7f1ea6255000 r--s 00007000 08:02 5597                       /home/nestor_milian/.gradle/wrapper/dists/gradle-2.14.1-all/8bnwg5hd3w55iofp58khbp6yv/gradle-2.14.1/lib/plugins/gradle-tooling-api-builders-2.14.1.jar
7f1ea6255000-7f1ea6258000 r--s 00008000 08:02 5590                       /home/nestor_milian/.gradle/wrapper/dists/gradle-2.14.1-all/8bnwg5hd3w55iofp58khbp6yv/gradle-2.14.1/lib/plugins/gradle-testing-native-2.14.1.jar
7f1ea6258000-7f1ea625a000 r--s 00009000 08:02 5669                       /home/nestor_milian/.gradle/wrapper/dists/gradle-2.14.1-all/8bnwg5hd3w55iofp58khbp6yv/gradle-2.14.1/lib/plugins/hamcrest-core-1.3.jar
7f1ea625a000-7f1ea6260000 r--s 00033000 08:02 5663                       /home/nestor_milian/.gradle/wrapper/dists/gradle-2.14.1-all/8bnwg5hd3w55iofp58khbp6yv/gradle-2.14.1/lib/plugins/snakeyaml-1.6.jar
7f1ea6260000-7f1ea6262000 r--s 00006000 08:02 5662                       /home/nestor_milian/.gradle/wrapper/dists/gradle-2.14.1-all/8bnwg5hd3w55iofp58khbp6yv/gradle-2.14.1/lib/plugins/jcommander-1.12.jar
7f1ea6262000-7f1ea6267000 r--s 00040000 08:02 5661                       /home/nestor_milian/.gradle/wrapper/dists/gradle-2.14.1-all/8bnwg5hd3w55iofp58khbp6yv/gradle-2.14.1/lib/plugins/bsh-2.0b4.jar
7f1ea6267000-7f1ea6270000 r--s 00089000 08:02 5620                       /home/nestor_milian/.gradle/wrapper/dists/gradle-2.14.1-all/8bnwg5hd3w55iofp58khbp6yv/gradle-2.14.1/lib/plugins/testng-6.3.1.jar
7f1ea6270000-7f1ea6278000 r--s 00045000 08:02 5619                       /home/nestor_milian/.gradle/wrapper/dists/gradle-2.14.1-all/8bnwg5hd3w55iofp58khbp6yv/gradle-2.14.1/lib/plugins/junit-4.12.jar
7f1ea6278000-7f1ea627e000 r--s 0002e000 08:02 5591                       /home/nestor_milian/.gradle/wrapper/dists/gradle-2.14.1-all/8bnwg5hd3w55iofp58khbp6yv/gradle-2.14.1/lib/plugins/gradle-testing-jvm-2.14.1.jar
7f1ea627e000-7f1ea6283000 r--s 00015000 08:02 5589                       /home/nestor_milian/.gradle/wrapper/dists/gradle-2.14.1-all/8bnwg5hd3w55iofp58khbp6yv/gradle-2.14.1/lib/plugins/gradle-testing-base-2.14.1.jar
7f1ea6283000-7f1ea6284000 r--s 00002000 08:02 5613                       /home/nestor_milian/.gradle/wrapper/dists/gradle-2.14.1-all/8bnwg5hd3w55iofp58khbp6yv/gradle-2.14.1/lib/plugins/sonar-batch-bootstrapper-2.9.jar
7f1ea6284000-7f1ea6287000 r--s 00015000 08:02 5567                       /home/nestor_milian/.gradle/wrapper/dists/gradle-2.14.1-all/8bnwg5hd3w55iofp58khbp6yv/gradle-2.14.1/lib/plugins/gradle-sonar-2.14.1.jar
7f1ea6287000-7f1ea628e000 r--s 00038000 08:02 5614                       /home/nestor_milian/.gradle/wrapper/dists/gradle-2.14.1-all/8bnwg5hd3w55iofp58khbp6yv/gradle-2.14.1/lib/plugins/bcpg-jdk15on-1.51.jar
7f1ea628e000-7f1ea6290000 r--s 0000d000 08:02 5568                       /home/nestor_milian/.gradle/wrapper/dists/gradle-2.14.1-all/8bnwg5hd3w55iofp58khbp6yv/gradle-2.14.1/lib/plugins/gradle-signing-2.14.1.jar
7f1ea6290000-7f1ea6293000 r--s 00009000 08:02 5566                       /home/nestor_milian/.gradle/wrapper/dists/gradle-2.14.1-all/8bnwg5hd3w55iofp58khbp6yv/gradle-2.14.1/lib/plugins/gradle-scala-2.14.1.jar
7f1ea6293000-7f1ea6294000 r--s 00004000 08:02 5595                       /home/nestor_milian/.gradle/wrapper/dists/gradle-2.14.1-all/8bnwg5hd3w55iofp58khbp6yv/gradle-2.14.1/lib/plugins/gradle-resources-sftp-2.14.1.jar
7f1ea6294000-7f1ea62a4000 r--s 00088000 08:02 5630                       /home/nestor_milian/.gradle/wrapper/dists/gradle-2.14.1-all/8bnwg5hd3w55iofp58khbp6yv/gradle-2.14.1/lib/plugins/joda-time-2.8.2.jar
7f1ea62a4000-7f1ea62b5000 r--s 000cf000 08:02 5629                       /home/nestor_milian/.gradle/wrapper/dists/gradle-2.14.1-all/8bnwg5hd3w55iofp58khbp6yv/gradle-2.14.1/lib/plugins/jackson-databind-2.3.2.jar
7f1ea62b5000-7f1ea62b7000 r--s 00007000 08:02 5628                       /home/nestor_milian/.gradle/wrapper/dists/gradle-2.14.1-all/8bnwg5hd3w55iofp58khbp6yv/gradle-2.14.1/lib/plugins/jackson-annotations-2.3.2.jar
7f1ea62b7000-7f1ea62ba000 r--s 0002e000 08:02 5627                       /home/nestor_milian/.gradle/wrapper/dists/gradle-2.14.1-all/8bnwg5hd3w55iofp58khbp6yv/gradle-2.14.1/lib/plugins/jackson-core-2.3.2.jar
7f1ea62ba000-7f1ea62c5000 r--s 0006b000 08:02 5626                       /home/nestor_milian/.gradle/wrapper/dists/gradle-2.14.1-all/8bnwg5hd3w55iofp58khbp6yv/gradle-2.14.1/lib/plugins/aws-java-sdk-core-1.9.19.jar
7f1ea62c5000-7f1ea62cb000 r--s 00036000 08:02 5625                       /home/nestor_milian/.gradle/wrapper/dists/gradle-2.14.1-all/8bnwg5hd3w55iofp58khbp6yv/gradle-2.14.1/lib/plugins/aws-java-sdk-kms-1.9.19.jar
7f1ea62cb000-7f1ea62d6000 r--s 00079000 08:02 5624                       /home/nestor_milian/.gradle/wrapper/dists/gradle-2.14.1-all/8bnwg5hd3w55iofp58khbp6yv/gradle-2.14.1/lib/plugins/aws-java-sdk-s3-1.9.19.jar
7f1ea62d6000-7f1ea62d7000 r--s 00003000 08:02 5596                       /home/nestor_milian/.gradle/wrapper/dists/gradle-2.14.1-all/8bnwg5hd3w55iofp58khbp6yv/gradle-2.14.1/lib/plugins/gradle-resources-s3-2.14.1.jar
7f1ea62d7000-7f1ea62d9000 r--s 00005000 08:02 5618                       /home/nestor_milian/.gradle/wrapper/dists/gradle-2.14.1-all/8bnwg5hd3w55iofp58khbp6yv/gradle-2.14.1/lib/plugins/jatl-0.2.2.jar
7f1ea62d9000-7f1ea62db000 r--s 0000f000 08:02 5573                       /home/nestor_milian/.gradle/wrapper/dists/gradle-2.14.1-all/8bnwg5hd3w55iofp58khbp6yv/gradle-2.14.1/lib/plugins/gradle-reporting-2.14.1.jar
7f1ea62db000-7f1ea62dd000 r--s 00002000 08:02 5574                       /home/nestor_milian/.gradle/wrapper/dists/gradle-2.14.1-all/8bnwg5hd3w55iofp58khbp6yv/gradle-2.14.1/lib/plugins/gradle-publish-2.14.1.jar
7f1ea62dd000-7f1ea62df000 r--s 00009000 08:02 5600                       /home/nestor_milian/.gradle/wrapper/dists/gradle-2.14.1-all/8bnwg5hd3w55iofp58khbp6yv/gradle-2.14.1/lib/plugins/commons-cli-1.2.jar
7f1ea62df000-7f1ea62e5000 r--s 00033000 08:02 5558                       /home/nestor_milian/.gradle/wrapper/dists/gradle-2.14.1-all/8bnwg5hd3w55iofp58khbp6yv/gradle-2.14.1/lib/plugins/gradle-plugins-2.14.1.jar
7f1ea62e5000-7f1ea62e7000 r--s 00007000 08:02 5592                       /home/nestor_milian/.gradle/wrapper/dists/gradle-2.14.1-all/8bnwg5hd3w55iofp58khbp6yv/gradle-2.14.1/lib/plugins/gradle-plugin-development-2.14.1.jar
7f1ea62e7000-7f1ea62ed000 r--s 0002a000 08:02 5585                       /home/nestor_milian/.gradle/wrapper/dists/gradle-2.14.1-all/8bnwg5hd3w55iofp58khbp6yv/gradle-2.14.1/lib/plugins/gradle-platform-play-2.14.1.jar
7f1ea62ed000-7f1ea62fa000 r--s 0004d000 08:02 5584                       /home/nestor_milian/.gradle/wrapper/dists/gradle-2.14.1-all/8bnwg5hd3w55iofp58khbp6yv/gradle-2.14.1/lib/plugins/gradle-platform-native-2.14.1.jar
7f1ea62fa000-7f1ea62fe000 r--s 0001a000 08:02 5579                       /home/nestor_milian/.gradle/wrapper/dists/gradle-2.14.1-all/8bnwg5hd3w55iofp58khbp6yv/gradle-2.14.1/lib/plugins/gradle-platform-jvm-2.14.1.jar
7f1ea62fe000-7f1ea6305000 r--s 00029000 08:02 5578                       /home/nestor_milian/.gradle/wrapper/dists/gradle-2.14.1-all/8bnwg5hd3w55iofp58khbp6yv/gradle-2.14.1/lib/plugins/gradle-platform-base-2.14.1.jar
7f1ea6305000-7f1ea6326000 r--s 001c3000 08:02 5608                       /home/nestor_milian/.gradle/wrapper/dists/gradle-2.14.1-all/8bnwg5hd3w55iofp58khbp6yv/gradle-2.14.1/lib/plugins/bndlib-2.4.0.jar
7f1ea6326000-7f1ea6328000 r--s 00003000 08:02 5562                       /home/nestor_milian/.gradle/wrapper/dists/gradle-2.14.1-all/8bnwg5hd3w55iofp58khbp6yv/gradle-2.14.1/lib/plugins/gradle-osgi-2.14.1.jar
7f1ea6328000-7f1ea632b000 r--s 0000c000 08:02 5611                       /home/nestor_milian/.gradle/wrapper/dists/gradle-2.14.1-all/8bnwg5hd3w55iofp58khbp6yv/gradle-2.14.1/lib/plugins/pmaven-groovy-0.8-20100325.jar
7f1ea632b000-7f1ea632c000 r--s 00004000 08:02 5610                       /home/nestor_milian/.gradle/wrapper/dists/gradle-2.14.1-all/8bnwg5hd3w55iofp58khbp6yv/gradle-2.14.1/lib/plugins/pmaven-common-0.8-20100325.jar
7f1ea632c000-7f1ea6332000 r--s 00022000 08:02 5563                       /home/nestor_milian/.gradle/wrapper/dists/gradle-2.14.1-all/8bnwg5hd3w55iofp58khbp6yv/gradle-2.14.1/lib/plugins/gradle-maven-2.14.1.jar
7f1ea6332000-7f1ea6334000 r--s 0000a000 08:02 5583                       /home/nestor_milian/.gradle/wrapper/dists/gradle-2.14.1-all/8bnwg5hd3w55iofp58khbp6yv/gradle-2.14.1/lib/plugins/gradle-language-scala-2.14.1.jar
7f1ea6334000-7f1ea633a000 r--s 0001a000 08:02 5587                       /home/nestor_milian/.gradle/wrapper/dists/gradle-2.14.1-all/8bnwg5hd3w55iofp58khbp6yv/gradle-2.14.1/lib/plugins/gradle-language-native-2.14.1.jar
7f1ea633a000-7f1ea633c000 r--s 00008000 08:02 5580                       /home/nestor_milian/.gradle/wrapper/dists/gradle-2.14.1-all/8bnwg5hd3w55iofp58khbp6yv/gradle-2.14.1/lib/plugins/gradle-language-jvm-2.14.1.jar
7f1ea633c000-7f1ea6342000 r--s 00024000 08:02 5581                       /home/nestor_milian/.gradle/wrapper/dists/gradle-2.14.1-all/8bnwg5hd3w55iofp58khbp6yv/gradle-2.14.1/lib/plugins/gradle-language-java-2.14.1.jar
7f1ea6342000-7f1ea6344000 r--s 0000a000 08:02 5582                       /home/nestor_milian/.gradle/wrapper/dists/gradle-2.14.1-all/8bnwg5hd3w55iofp58khbp6yv/gradle-2.14.1/lib/plugins/gradle-language-groovy-2.14.1.jar
7f1ea6344000-7f1ea6347000 r--s 0001e000 08:02 5636                       /home/nestor_milian/.gradle/wrapper/dists/gradle-2.14.1-all/8bnwg5hd3w55iofp58khbp6yv/gradle-2.14.1/lib/plugins/jsp-api-2.1-6.1.14.jar
7f1ea6347000-7f1ea636a000 r--s 00344000 08:02 5635                       /home/nestor_milian/.gradle/wrapper/dists/gradle-2.14.1-all/8bnwg5hd3w55iofp58khbp6yv/gradle-2.14.1/lib/plugins/core-3.1.1.jar
7f1ea636a000-7f1ea636b000 r--s 00006000 08:02 5634                       /home/nestor_milian/.gradle/wrapper/dists/gradle-2.14.1-all/8bnwg5hd3w55iofp58khbp6yv/gradle-2.14.1/lib/plugins/jetty-naming-6.1.25.jar
7f1ea636b000-7f1ea636c000 r--s 00002000 08:02 5607                       /home/nestor_milian/.gradle/wrapper/dists/gradle-2.14.1-all/8bnwg5hd3w55iofp58khbp6yv/gradle-2.14.1/lib/plugins/geronimo-annotation_1.0_spec-1.0.jar
7f1ea636c000-7f1ea636e000 r--s 00002000 08:02 5606                       /home/nestor_milian/.gradle/wrapper/dists/gradle-2.14.1-all/8bnwg5hd3w55iofp58khbp6yv/gradle-2.14.1/lib/plugins/jetty-annotations-6.1.25.jar
7f1ea636e000-7f1ea637f000 r--s 000ea000 08:02 5605                       /home/nestor_milian/.gradle/wrapper/dists/gradle-2.14.1-all/8bnwg5hd3w55iofp58khbp6yv/gradle-2.14.1/lib/plugins/jsp-2.1-6.1.14.jar
7f1ea637f000-7f1ea6381000 r--s 0000d000 08:02 5604                       /home/nestor_milian/.gradle/wrapper/dists/gradle-2.14.1-all/8bnwg5hd3w55iofp58khbp6yv/gradle-2.14.1/lib/plugins/jetty-plus-6.1.25.jar
7f1ea6381000-7f1ea6383000 r--s 0001f000 08:02 5603                       /home/nestor_milian/.gradle/wrapper/dists/gradle-2.14.1-all/8bnwg5hd3w55iofp58khbp6yv/gradle-2.14.1/lib/plugins/servlet-api-2.5-20081211.jar
7f1ea6383000-7f1ea6387000 r--s 00028000 08:02 5602                       /home/nestor_milian/.gradle/wrapper/dists/gradle-2.14.1-all/8bnwg5hd3w55iofp58khbp6yv/gradle-2.14.1/lib/plugins/jetty-util-6.1.25.jar
7f1ea6387000-7f1ea638e000 r--s 0007d000 08:02 5601                       /home/nestor_milian/.gradle/wrapper/dists/gradle-2.14.1-all/8bnwg5hd3w55iofp58khbp6yv/gradle-2.14.1/lib/plugins/jetty-6.1.25.jar
7f1ea638e000-7f1ea6390000 r--s 00009000 08:02 5560                       /home/nestor_milian/.gradle/wrapper/dists/gradle-2.14.1-all/8bnwg5hd3w55iofp58khbp6yv/gradle-2.14.1/lib/plugins/gradle-jetty-2.14.1.jar
7f1ea6390000-7f1ea6397000 r--s 00035000 08:02 5617                       /home/nestor_milian/.gradle/wrapper/dists/gradle-2.14.1-all/8bnwg5hd3w55iofp58khbp6yv/gradle-2.14.1/lib/plugins/simple-4.1.21.jar
7f1ea6397000-7f1ea63a3000 r--s 00100000 08:02 5615                       /home/nestor_milian/.gradle/wrapper/dists/gradle-2.14.1-all/8bnwg5hd3w55iofp58khbp6yv/gradle-2.14.1/lib/plugins/rhino-1.7R3.jar
7f1ea63a3000-7f1ea63a7000 r--s 00011000 08:02 5570                       /home/nestor_milian/.gradle/wrapper/dists/gradle-2.14.1-all/8bnwg5hd3w55iofp58khbp6yv/gradle-2.14.1/lib/plugins/gradle-javascript-2.14.1.jar
7f1ea63a7000-7f1ea63a9000 r--s 0000c000 08:02 5576                       /home/nestor_milian/.gradle/wrapper/dists/gradle-2.14.1-all/8bnwg5hd3w55iofp58khbp6yv/gradle-2.14.1/lib/plugins/gradle-jacoco-2.14.1.jar
7f1ea63a9000-7f1ea63ac000 r--s 0000e000 08:02 5575                       /home/nestor_milian/.gradle/wrapper/dists/gradle-2.14.1-all/8bnwg5hd3w55iofp58khbp6yv/gradle-2.14.1/lib/plugins/gradle-ivy-2.14.1.jar
7f1ea63ac000-7f1ea63ad000 r--s 00002000 08:02 5586                       /home/nestor_milian/.gradle/wrapper/dists/gradle-2.14.1-all/8bnwg5hd3w55iofp58khbp6yv/gradle-2.14.1/lib/plugins/gradle-ide-play-2.14.1.jar
7f1ea63ad000-7f1ea63b2000 r--s 0002b000 08:02 5588                       /home/nestor_milian/.gradle/wrapper/dists/gradle-2.14.1-all/8bnwg5hd3w55iofp58khbp6yv/gradle-2.14.1/lib/plugins/gradle-ide-native-2.14.1.jar
7f1ea63b2000-7f1ea63bd000 r--s 00066000 08:02 5564                       /home/nestor_milian/.gradle/wrapper/dists/gradle-2.14.1-all/8bnwg5hd3w55iofp58khbp6yv/gradle-2.14.1/lib/plugins/gradle-ide-2.14.1.jar
7f1ea63bd000-7f1ea63be000 r--s 00008000 08:02 5569                       /home/nestor_milian/.gradle/wrapper/dists/gradle-2.14.1-all/8bnwg5hd3w55iofp58khbp6yv/gradle-2.14.1/lib/plugins/gradle-ear-2.14.1.jar
7f1ea63be000-7f1ea63c4000 r--s 00032000 08:02 5572                       /home/nestor_milian/.gradle/wrapper/dists/gradle-2.14.1-all/8bnwg5hd3w55iofp58khbp6yv/gradle-2.14.1/lib/plugins/gradle-diagnostics-2.14.1.jar
7f1ea63c4000-7f1ea63c8000 r--s 00021000 08:02 5559                       /home/nestor_milian/.gradle/wrapper/dists/gradle-2.14.1-all/8bnwg5hd3w55iofp58khbp6yv/gradle-2.14.1/lib/plugins/gradle-code-quality-2.14.1.jar
7f1ea63c8000-7f1ea63cc000 r--s 0001f000 08:02 5577                       /home/nestor_milian/.gradle/wrapper/dists/gradle-2.14.1-all/8bnwg5hd3w55iofp58khbp6yv/gradle-2.14.1/lib/plugins/gradle-build-init-2.14.1.jar
7f1ea63cc000-7f1ea63d3000 r--s 0008e000 08:02 5571                       /home/nestor_milian/.gradle/wrapper/dists/gradle-2.14.1-all/8bnwg5hd3w55iofp58khbp6yv/gradle-2.14.1/lib/plugins/gradle-build-comparison-2.14.1.jar
7f1ea63d3000-7f1ea63d5000 r--s 00008000 08:02 5561                       /home/nestor_milian/.gradle/wrapper/dists/gradle-2.14.1-all/8bnwg5hd3w55iofp58khbp6yv/gradle-2.14.1/lib/plugins/gradle-antlr-2.14.1.jar
7f1ea63d5000-7f1ea63d7000 r--s 00004000 08:02 5565                       /home/nestor_milian/.gradle/wrapper/dists/gradle-2.14.1-all/8bnwg5hd3w55iofp58khbp6yv/gradle-2.14.1/lib/plugins/gradle-announce-2.14.1.jar
7f1ea63d7000-7f1ea63ef000 r--s 00115000 08:02 5666                       /home/nestor_milian/.gradle/wrapper/dists/gradle-2.14.1-all/8bnwg5hd3w55iofp58khbp6yv/gradle-2.14.1/lib/plugins/xercesImpl-2.9.1.jar
7f1ea63ef000-7f1ea63f7000 r--s 00028000 08:02 5667                       /home/nestor_milian/.gradle/wrapper/dists/gradle-2.14.1-all/8bnwg5hd3w55iofp58khbp6yv/gradle-2.14.1/lib/plugins/xml-apis-1.3.04.jar
7f1ea63f7000-7f1ea63fd000 r--s 0005b000 08:02 5665                       /home/nestor_milian/.gradle/wrapper/dists/gradle-2.14.1-all/8bnwg5hd3w55iofp58khbp6yv/gradle-2.14.1/lib/plugins/jcifs-1.3.17.jar
7f1ea63fd000-7f1ea6404000 r--s 00049000 08:02 5664                       /home/nestor_milian/.gradle/wrapper/dists/gradle-2.14.1-all/8bnwg5hd3w55iofp58khbp6yv/gradle-2.14.1/lib/plugins/httpcore-4.4.4.jar
7f1ea6404000-7f1ea640a000 r--s 00033000 08:02 5612                       /home/nestor_milian/.gradle/wrapper/dists/gradle-2.14.1-all/8bnwg5hd3w55iofp58khbp6yv/gradle-2.14.1/lib/plugins/commons-codec-1.6.jar
7f1ea640a000-7f1ea640d000 r--s 0001c000 08:02 5622                       /home/nestor_milian/.gradle/wrapper/dists/gradle-2.14.1-all/8bnwg5hd3w55iofp58khbp6yv/gradle-2.14.1/lib/plugins/nekohtml-1.9.14.jar
7f1ea640d000-7f1ea641a000 r--s 000a4000 08:02 5621                       /home/nestor_milian/.gradle/wrapper/dists/gradle-2.14.1-all/8bnwg5hd3w55iofp58khbp6yv/gradle-2.14.1/lib/plugins/httpclient-4.4.1.jar
7f1ea641a000-7f1ea641c000 r--s 0000a000 08:02 5594                       /home/nestor_milian/.gradle/wrapper/dists/gradle-2.14.1-all/8bnwg5hd3w55iofp58khbp6yv/gradle-2.14.1/lib/plugins/gradle-resources-http-2.14.1.jar
7f1ea641c000-7f1ea6420000 r--s 00014000 08:02 5593                       /home/nestor_milian/.gradle/wrapper/dists/gradle-2.14.1-all/8bnwg5hd3w55iofp58khbp6yv/gradle-2.14.1/lib/plugins/gradle-plugin-use-2.14.1.jar
7f1ea6420000-7f1ea6421000 r--s 00000000 08:02 5509                       /home/nestor_milian/.gradle/wrapper/dists/gradle-2.14.1-all/8bnwg5hd3w55iofp58khbp6yv/gradle-2.14.1/lib/gradle-installation-beacon-2.14.1.jar
7f1ea6421000-7f1ea6422000 r--s 00007000 08:02 5660                       /home/nestor_milian/.gradle/wrapper/dists/gradle-2.14.1-all/8bnwg5hd3w55iofp58khbp6yv/gradle-2.14.1/lib/plugins/wagon-http-shared4-2.4.jar
7f1ea6422000-7f1ea6426000 r--s 00033000 08:02 5659                       /home/nestor_milian/.gradle/wrapper/dists/gradle-2.14.1-all/8bnwg5hd3w55iofp58khbp6yv/gradle-2.14.1/lib/plugins/plexus-utils-2.0.6.jar
7f1ea6426000-7f1ea642a000 r--s 00021000 08:02 5658                       /home/nestor_milian/.gradle/wrapper/dists/gradle-2.14.1-all/8bnwg5hd3w55iofp58khbp6yv/gradle-2.14.1/lib/plugins/maven-model-builder-3.0.4.jar
7f1ea642a000-7f1ea642b000 r--s 00002000 08:02 5657                       /home/nestor_milian/.gradle/wrapper/dists/gradle-2.14.1-all/8bnwg5hd3w55iofp58khbp6yv/gradle-2.14.1/lib/plugins/wagon-file-2.4.jar
7f1ea642b000-7f1ea642d000 r--s 00002000 08:02 5656                       /home/nestor_milian/.gradle/wrapper/dists/gradle-2.14.1-all/8bnwg5hd3w55iofp58khbp6yv/gradle-2.14.1/lib/plugins/plexus-cipher-1.7.jar
7f1ea642d000-7f1ea6430000 r--s 00013000 08:02 5655                       /home/nestor_milian/.gradle/wrapper/dists/gradle-2.14.1-all/8bnwg5hd3w55iofp58khbp6yv/gradle-2.14.1/lib/plugins/aether-api-1.13.1.jar
7f1ea6430000-7f1ea6432000 r--s 0000a000 08:02 5654                       /home/nestor_milian/.gradle/wrapper/dists/gradle-2.14.1-all/8bnwg5hd3w55iofp58khbp6yv/gradle-2.14.1/lib/plugins/maven-settings-3.0.4.jar
7f1ea6432000-7f1ea6434000 r--s 0000d000 08:02 5653                       /home/nestor_milian/.gradle/wrapper/dists/gradle-2.14.1-all/8bnwg5hd3w55iofp58khbp6yv/gradle-2.14.1/lib/plugins/plexus-interpolation-1.14.jar
7f1ea6434000-7f1ea6436000 r--s 0000b000 08:02 5652                       /home/nestor_milian/.gradle/wrapper/dists/gradle-2.14.1-all/8bnwg5hd3w55iofp58khbp6yv/gradle-2.14.1/lib/plugins/maven-artifact-3.0.4.jar
7f1ea6436000-7f1ea643d000 r--s 0002e000 08:02 5651                       /home/nestor_milian/.gradle/wrapper/dists/gradle-2.14.1-all/8bnwg5hd3w55iofp58khbp6yv/gradle-2.14.1/lib/plugins/plexus-container-default-1.5.5.jar
7f1ea643d000-7f1ea643f000 r--s 0000b000 08:02 5650                       /home/nestor_milian/.gradle/wrapper/dists/gradle-2.14.1-all/8bnwg5hd3w55iofp58khbp6yv/gradle-2.14.1/lib/plugins/maven-plugin-api-3.0.4.jar
7f1ea643f000-7f1ea6441000 r--s 00000000 08:02 5668                       /home/nestor_milian/.gradle/wrapper/dists/gradle-2.14.1-all/8bnwg5hd3w55iofp58khbp6yv/gradle-2.14.1/lib/plugins/plexus-component-annotations-1.5.5.jar
7f1ea6441000-7f1ea6447000 r--s 0003f000 08:02 5649                       /home/nestor_milian/.gradle/wrapper/dists/gradle-2.14.1-all/8bnwg5hd3w55iofp58khbp6yv/gradle-2.14.1/lib/plugins/maven-compat-3.0.4.jar
7f1ea6447000-7f1ea644a000 r--s 00008000 08:02 5648                       /home/nestor_milian/.gradle/wrapper/dists/gradle-2.14.1-all/8bnwg5hd3w55iofp58khbp6yv/gradle-2.14.1/lib/plugins/maven-settings-builder-3.0.4.jar
7f1ea644a000-7f1ea644c000 r--s 00026000 08:02 5646                       /home/nestor_milian/.gradle/wrapper/dists/gradle-2.14.1-all/8bnwg5hd3w55iofp58khbp6yv/gradle-2.14.1/lib/plugins/maven-model-3.0.4.jar
7f1ea644c000-7f1ea644e000 r--s 00006000 08:02 5645                       /home/nestor_milian/.gradle/wrapper/dists/gradle-2.14.1-all/8bnwg5hd3w55iofp58khbp6yv/gradle-2.14.1/lib/plugins/aether-connector-wagon-1.13.1.jar
7f1ea644e000-7f1ea6450000 r--s 0000a000 08:02 5644                       /home/nestor_milian/.gradle/wrapper/dists/gradle-2.14.1-all/8bnwg5hd3w55iofp58khbp6yv/gradle-2.14.1/lib/plugins/plexus-classworlds-2.4.jar
7f1ea6450000-7f1ea6452000 r--s 00006000 08:02 5643                       /home/nestor_milian/.gradle/wrapper/dists/gradle-2.14.1-all/8bnwg5hd3w55iofp58khbp6yv/gradle-2.14.1/lib/plugins/maven-repository-metadata-3.0.4.jar
7f1ea6452000-7f1ea6454000 r--s 0000c000 08:02 5642                       /home/nestor_milian/.gradle/wrapper/dists/gradle-2.14.1-all/8bnwg5hd3w55iofp58khbp6yv/gradle-2.14.1/lib/plugins/maven-aether-provider-3.0.4.jar
7f1ea6454000-7f1ea6456000 r--s 0000b000 08:02 5641                       /home/nestor_milian/.gradle/wrapper/dists/gradle-2.14.1-all/8bnwg5hd3w55iofp58khbp6yv/gradle-2.14.1/lib/plugins/wagon-provider-api-2.4.jar
7f1ea6456000-7f1ea645a000 r--s 0001c000 08:02 5639                       /home/nestor_milian/.gradle/wrapper/dists/gradle-2.14.1-all/8bnwg5hd3w55iofp58khbp6yv/gradle-2.14.1/lib/plugins/aether-util-1.13.1.jar
7f1ea645a000-7f1ea645d000 r--s 0001d000 08:02 5638                       /home/nestor_milian/.gradle/wrapper/dists/gradle-2.14.1-all/8bnwg5hd3w55iofp58khbp6yv/gradle-2.14.1/lib/plugins/aether-impl-1.13.1.jar
7f1ea645d000-7f1ea6462000 r--s 00040000 08:02 5623                       /home/nestor_milian/.gradle/wrapper/dists/gradle-2.14.1-all/8bnwg5hd3w55iofp58khbp6yv/gradle-2.14.1/lib/plugins/jsch-0.1.53.jar
7f1ea6462000-7f1ea64a2000 r--s 00277000 08:02 5633                       /home/nestor_milian/.gradle/wrapper/dists/gradle-2.14.1-all/8bnwg5hd3w55iofp58khbp6yv/gradle-2.14.1/lib/plugins/bcprov-jdk15on-1.51.jar
7f1ea64a2000-7f1ea64a6000 r--s 0001d000 08:02 5632                       /home/nestor_milian/.gradle/wrapper/dists/gradle-2.14.1-all/8bnwg5hd3w55iofp58khbp6yv/gradle-2.14.1/lib/plugins/xbean-reflect-3.4.jar
7f1ea64a6000-7f1ea64b2000 r--s 0007d000 08:02 5609                       /home/nestor_milian/.gradle/wrapper/dists/gradle-2.14.1-all/8bnwg5hd3w55iofp58khbp6yv/gradle-2.14.1/lib/plugins/maven-core-3.0.4.jar
7f1ea64b2000-7f1ea64ce000 r--s 000d3000 08:02 5598                       /home/nestor_milian/.gradle/wrapper/dists/gradle-2.14.1-all/8bnwg5hd3w55iofp58khbp6yv/gradle-2.14.1/lib/plugins/gradle-dependency-management-2.14.1.jar
7f1ea64ce000-7f1ea64d7000 r-xp 00000000 08:02 11144705                   /usr/lib/jvm/java-8-oracle/jre/lib/amd64/libmanagement.so
7f1ea64d7000-7f1ea66d6000 ---p 00009000 08:02 11144705                   /usr/lib/jvm/java-8-oracle/jre/lib/amd64/libmanagement.so
7f1ea66d6000-7f1ea66d7000 rw-p 00008000 08:02 11144705                   /usr/lib/jvm/java-8-oracle/jre/lib/amd64/libmanagement.so
7f1ea66d7000-7f1ea66ec000 r-xp 00000000 08:02 8144798                    /tmp/jna6092876245911080994.tmp
7f1ea66ec000-7f1ea67eb000 ---p 00015000 08:02 8144798                    /tmp/jna6092876245911080994.tmp
7f1ea67eb000-7f1ea67ed000 rw-p 00014000 08:02 8144798                    /tmp/jna6092876245911080994.tmp
7f1ea67ed000-7f1ea6812000 r-xp 00000000 08:02 4198927                    /lib/x86_64-linux-gnu/libtinfo.so.5.9
7f1ea6812000-7f1ea6a11000 ---p 00025000 08:02 4198927                    /lib/x86_64-linux-gnu/libtinfo.so.5.9
7f1ea6a11000-7f1ea6a15000 r--p 00024000 08:02 4198927                    /lib/x86_64-linux-gnu/libtinfo.so.5.9
7f1ea6a15000-7f1ea6a16000 rw-p 00028000 08:02 4198927                    /lib/x86_64-linux-gnu/libtinfo.so.5.9
7f1ea6a16000-7f1ea6a37000 r-xp 00000000 08:02 4198839                    /lib/x86_64-linux-gnu/libncurses.so.5.9
7f1ea6a37000-7f1ea6c36000 ---p 00021000 08:02 4198839                    /lib/x86_64-linux-gnu/libncurses.so.5.9
7f1ea6c36000-7f1ea6c37000 r--p 00020000 08:02 4198839                    /lib/x86_64-linux-gnu/libncurses.so.5.9
7f1ea6c37000-7f1ea6c38000 rw-p 00021000 08:02 4198839                    /lib/x86_64-linux-gnu/libncurses.so.5.9
7f1ea6c38000-7f1ea6c3b000 r-xp 00000000 08:02 11549673                   /home/nestor_milian/.gradle/native/19/linux-amd64/libnative-platform-curses.so
7f1ea6c3b000-7f1ea6e3b000 ---p 00003000 08:02 11549673                   /home/nestor_milian/.gradle/native/19/linux-amd64/libnative-platform-curses.so
7f1ea6e3b000-7f1ea6e3c000 rw-p 00003000 08:02 11549673                   /home/nestor_milian/.gradle/native/19/linux-amd64/libnative-platform-curses.so
7f1ea6e3c000-7f1ea6e52000 r-xp 00000000 08:02 4201590                    /lib/x86_64-linux-gnu/libgcc_s.so.1
7f1ea6e52000-7f1ea7051000 ---p 00016000 08:02 4201590                    /lib/x86_64-linux-gnu/libgcc_s.so.1
7f1ea7051000-7f1ea7052000 r--p 00015000 08:02 4201590                    /lib/x86_64-linux-gnu/libgcc_s.so.1
7f1ea7052000-7f1ea7053000 rw-p 00016000 08:02 4201590                    /lib/x86_64-linux-gnu/libgcc_s.so.1
7f1ea7053000-7f1ea71cc000 r-xp 00000000 08:02 10750246                   /usr/lib/x86_64-linux-gnu/libstdc++.so.6.0.22
7f1ea71cc000-7f1ea73cb000 ---p 00179000 08:02 10750246                   /usr/lib/x86_64-linux-gnu/libstdc++.so.6.0.22
7f1ea73cb000-7f1ea73d5000 r--p 00178000 08:02 10750246                   /usr/lib/x86_64-linux-gnu/libstdc++.so.6.0.22
7f1ea73d5000-7f1ea73d7000 rw-p 00182000 08:02 10750246                   /usr/lib/x86_64-linux-gnu/libstdc++.so.6.0.22
7f1ea73d7000-7f1ea73db000 rw-p 00000000 00:00 0 
7f1ea73db000-7f1ea73dc000 r--s 00002000 08:02 5647                       /home/nestor_milian/.gradle/wrapper/dists/gradle-2.14.1-all/8bnwg5hd3w55iofp58khbp6yv/gradle-2.14.1/lib/plugins/wagon-http-2.4.jar
7f1ea73dc000-7f1ea73dd000 r--s 00003000 08:02 5640                       /home/nestor_milian/.gradle/wrapper/dists/gradle-2.14.1-all/8bnwg5hd3w55iofp58khbp6yv/gradle-2.14.1/lib/plugins/aether-spi-1.13.1.jar
7f1ea73dd000-7f1ea73de000 r--s 00006000 08:02 5637                       /home/nestor_milian/.gradle/wrapper/dists/gradle-2.14.1-all/8bnwg5hd3w55iofp58khbp6yv/gradle-2.14.1/lib/plugins/plexus-sec-dispatcher-1.3.jar
7f1ea73de000-7f1ea73e3000 r--s 0002a000 08:02 5616                       /home/nestor_milian/.gradle/wrapper/dists/gradle-2.14.1-all/8bnwg5hd3w55iofp58khbp6yv/gradle-2.14.1/lib/plugins/gson-2.2.4.jar
7f1ea73e3000-7f1ea73f2000 r--s 000d9000 08:02 5631                       /home/nestor_milian/.gradle/wrapper/dists/gradle-2.14.1-all/8bnwg5hd3w55iofp58khbp6yv/gradle-2.14.1/lib/plugins/ivy-2.2.0.jar
7f1ea73f2000-7f1ea73f9000 r--s 00000000 08:02 11025703                   /usr/lib/x86_64-linux-gnu/gconv/gconv-modules.cache
7f1ea73f9000-7f1ea73fd000 r-xp 00000000 08:02 11546274                   /home/nestor_milian/.gradle/native/19/linux-amd64/libnative-platform.so
7f1ea73fd000-7f1ea75fc000 ---p 00004000 08:02 11546274                   /home/nestor_milian/.gradle/native/19/linux-amd64/libnative-platform.so
7f1ea75fc000-7f1ea75fd000 rw-p 00003000 08:02 11546274                   /home/nestor_milian/.gradle/native/19/linux-amd64/libnative-platform.so
7f1ea75fd000-7f1ea75ff000 r--s 00005000 08:02 5508                       /home/nestor_milian/.gradle/wrapper/dists/gradle-2.14.1-all/8bnwg5hd3w55iofp58khbp6yv/gradle-2.14.1/lib/gradle-wrapper-2.14.1.jar
7f1ea75ff000-7f1ea760d000 r--s 0004f000 08:02 5515                       /home/nestor_milian/.gradle/wrapper/dists/gradle-2.14.1-all/8bnwg5hd3w55iofp58khbp6yv/gradle-2.14.1/lib/gradle-tooling-api-2.14.1.jar
7f1ea760d000-7f1ea760f000 r--s 00002000 08:02 5535                       /home/nestor_milian/.gradle/wrapper/dists/gradle-2.14.1-all/8bnwg5hd3w55iofp58khbp6yv/gradle-2.14.1/lib/gradle-open-api-2.14.1.jar
7f1ea760f000-7f1ea7615000 r--s 00032000 08:02 5537                       /home/nestor_milian/.gradle/wrapper/dists/gradle-2.14.1-all/8bnwg5hd3w55iofp58khbp6yv/gradle-2.14.1/lib/jaxen-1.1.jar
7f1ea7615000-7f1ea761a000 r--s 00048000 08:02 5536                       /home/nestor_milian/.gradle/wrapper/dists/gradle-2.14.1-all/8bnwg5hd3w55iofp58khbp6yv/gradle-2.14.1/lib/dom4j-1.6.1.jar
7f1ea761a000-7f1ea7625000 r--s 00059000 08:02 5514                       /home/nestor_milian/.gradle/wrapper/dists/gradle-2.14.1-all/8bnwg5hd3w55iofp58khbp6yv/gradle-2.14.1/lib/gradle-ui-2.14.1.jar
7f1ea7625000-7f1ea7628000 r--s 0000b000 08:02 5533                       /home/nestor_milian/.gradle/wrapper/dists/gradle-2.14.1-all/8bnwg5hd3w55iofp58khbp6yv/gradle-2.14.1/lib/gradle-resources-2.14.1.jar
7f1ea7628000-7f1ea762a000 r--s 00003000 08:02 5545                       /home/nestor_milian/.gradle/wrapper/dists/gradle-2.14.1-all/8bnwg5hd3w55iofp58khbp6yv/gradle-2.14.1/lib/jcl-over-slf4j-1.7.10.jar
7f1ea762a000-7f1ea762b000 r--s 00005000 08:02 5544                       /home/nestor_milian/.gradle/wrapper/dists/gradle-2.14.1-all/8bnwg5hd3w55iofp58khbp6yv/gradle-2.14.1/lib/log4j-over-slf4j-1.7.10.jar
7f1ea762b000-7f1ea762d000 r--s 00000000 08:02 5543                       /home/nestor_milian/.gradle/wrapper/dists/gradle-2.14.1-all/8bnwg5hd3w55iofp58khbp6yv/gradle-2.14.1/lib/jul-to-slf4j-1.7.10.jar
7f1ea762d000-7f1ea7632000 r--s 0001c000 08:02 5532                       /home/nestor_milian/.gradle/wrapper/dists/gradle-2.14.1-all/8bnwg5hd3w55iofp58khbp6yv/gradle-2.14.1/lib/gradle-logging-2.14.1.jar
7f1ea7632000-7f1ea7634000 r--s 00007000 08:02 5556                       /home/nestor_milian/.gradle/wrapper/dists/gradle-2.14.1-all/8bnwg5hd3w55iofp58khbp6yv/gradle-2.14.1/lib/objenesis-1.2.jar
7f1ea7634000-7f1ea7636000 r--s 00000000 08:02 5555                       /home/nestor_milian/.gradle/wrapper/dists/gradle-2.14.1-all/8bnwg5hd3w55iofp58khbp6yv/gradle-2.14.1/lib/minlog-1.2.jar
7f1ea7636000-7f1ea7638000 r--s 0000f000 08:02 5554                       /home/nestor_milian/.gradle/wrapper/dists/gradle-2.14.1-all/8bnwg5hd3w55iofp58khbp6yv/gradle-2.14.1/lib/reflectasm-1.07-shaded.jar
7f1ea7638000-7f1ea763c000 r--s 00026000 08:02 5542                       /home/nestor_milian/.gradle/wrapper/dists/gradle-2.14.1-all/8bnwg5hd3w55iofp58khbp6yv/gradle-2.14.1/lib/kryo-2.20.jar
7f1ea763c000-7f1ea7642000 r--s 00025000 08:02 5531                       /home/nestor_milian/.gradle/wrapper/dists/gradle-2.14.1-all/8bnwg5hd3w55iofp58khbp6yv/gradle-2.14.1/lib/gradle-messaging-2.14.1.jar
7f1ea7642000-7f1ea7643000 r--s 00003000 08:02 5553                       /home/nestor_milian/.gradle/wrapper/dists/gradle-2.14.1-all/8bnwg5hd3w55iofp58khbp6yv/gradle-2.14.1/lib/native-platform-freebsd-amd64-0.10.jar
7f1ea7643000-7f1ea7644000 r--s 00003000 08:02 5552                       /home/nestor_milian/.gradle/wrapper/dists/gradle-2.14.1-all/8bnwg5hd3w55iofp58khbp6yv/gradle-2.14.1/lib/native-platform-freebsd-i386-0.10.jar
7f1ea7644000-7f1ea7645000 r--s 00005000 08:02 5551                       /home/nestor_milian/.gradle/wrapper/dists/gradle-2.14.1-all/8bnwg5hd3w55iofp58khbp6yv/gradle-2.14.1/lib/native-platform-windows-i386-0.10.jar
7f1ea7645000-7f1ea7646000 r--s 00005000 08:02 5550                       /home/nestor_milian/.gradle/wrapper/dists/gradle-2.14.1-all/8bnwg5hd3w55iofp58khbp6yv/gradle-2.14.1/lib/native-platform-windows-amd64-0.10.jar
7f1ea7646000-7f1ea7647000 r--s 00003000 08:02 5549                       /home/nestor_milian/.gradle/wrapper/dists/gradle-2.14.1-all/8bnwg5hd3w55iofp58khbp6yv/gradle-2.14.1/lib/native-platform-linux-i386-0.10.jar
7f1ea7647000-7f1ea7648000 r--s 00003000 08:02 5548                       /home/nestor_milian/.gradle/wrapper/dists/gradle-2.14.1-all/8bnwg5hd3w55iofp58khbp6yv/gradle-2.14.1/lib/native-platform-linux-amd64-0.10.jar
7f1ea7648000-7f1ea7649000 r--s 00002000 08:02 5547                       /home/nestor_milian/.gradle/wrapper/dists/gradle-2.14.1-all/8bnwg5hd3w55iofp58khbp6yv/gradle-2.14.1/lib/native-platform-osx-amd64-0.10.jar
7f1ea7649000-7f1ea764a000 r--s 00002000 08:02 5546                       /home/nestor_milian/.gradle/wrapper/dists/gradle-2.14.1-all/8bnwg5hd3w55iofp58khbp6yv/gradle-2.14.1/lib/native-platform-osx-i386-0.10.jar
7f1ea764a000-7f1ea764c000 r--s 00008000 08:02 5540                       /home/nestor_milian/.gradle/wrapper/dists/gradle-2.14.1-all/8bnwg5hd3w55iofp58khbp6yv/gradle-2.14.1/lib/jansi-1.2.1.jar
7f1ea764c000-7f1ea764f000 r--s 0000d000 08:02 5539                       /home/nestor_milian/.gradle/wrapper/dists/gradle-2.14.1-all/8bnwg5hd3w55iofp58khbp6yv/gradle-2.14.1/lib/native-platform-0.10.jar
7f1ea764f000-7f1ea7653000 r--s 000e4000 08:02 5538                       /home/nestor_milian/.gradle/wrapper/dists/gradle-2.14.1-all/8bnwg5hd3w55iofp58khbp6yv/gradle-2.14.1/lib/jna-3.2.7.jar
7f1ea7653000-7f1ea7655000 r--s 00009000 08:02 5516                       /home/nestor_milian/.gradle/wrapper/dists/gradle-2.14.1-all/8bnwg5hd3w55iofp58khbp6yv/gradle-2.14.1/lib/gradle-native-2.14.1.jar
7f1ea7655000-7f1ea7664000 r--s 00080000 08:02 5522                       /home/nestor_milian/.gradle/wrapper/dists/gradle-2.14.1-all/8bnwg5hd3w55iofp58khbp6yv/gradle-2.14.1/lib/gradle-model-core-2.14.1.jar
7f1ea7664000-7f1ea76d3000 r--s 0063e000 08:02 5521                       /home/nestor_milian/.gradle/wrapper/dists/gradle-2.14.1-all/8bnwg5hd3w55iofp58khbp6yv/gradle-2.14.1/lib/groovy-all-2.4.4.jar
7f1ea76d3000-7f1ea76e4000 r-xp 00000000 08:02 11144694                   /usr/lib/jvm/java-8-oracle/jre/lib/amd64/libnio.so
7f1ea76e4000-7f1ea78e3000 ---p 00011000 08:02 11144694                   /usr/lib/jvm/java-8-oracle/jre/lib/amd64/libnio.so
7f1ea78e3000-7f1ea78e4000 rw-p 00010000 08:02 11144694                   /usr/lib/jvm/java-8-oracle/jre/lib/amd64/libnio.so
7f1ea78e4000-7f1ea78fa000 r-xp 00000000 08:02 11144669                   /usr/lib/jvm/java-8-oracle/jre/lib/amd64/libnet.so
7f1ea78fa000-7f1ea7afa000 ---p 00016000 08:02 11144669                   /usr/lib/jvm/java-8-oracle/jre/lib/amd64/libnet.so
7f1ea7afa000-7f1ea7afb000 rw-p 00016000 08:02 11144669                   /usr/lib/jvm/java-8-oracle/jre/lib/amd64/libnet.so
7f1ea7afb000-7f1ea7afc000 ---p 00000000 00:00 0 
7f1ea7afc000-7f1ea7bfc000 rw-p 00000000 00:00 0 
7f1ea7bfc000-7f1ea7bff000 ---p 00000000 00:00 0 
7f1ea7bff000-7f1ea7cfd000 rw-p 00000000 00:00 0 
7f1ea7cfd000-7f1ea7d00000 ---p 00000000 00:00 0 
7f1ea7d00000-7f1ea7dfe000 rw-p 00000000 00:00 0 
7f1ea7dfe000-7f1ea7e01000 ---p 00000000 00:00 0 
7f1ea7e01000-7f1ea7eff000 rw-p 00000000 00:00 0 
7f1ea7eff000-7f1ea7f02000 ---p 00000000 00:00 0 
7f1ea7f02000-7f1ea8000000 rw-p 00000000 00:00 0 
7f1ea8000000-7f1ea8021000 rw-p 00000000 00:00 0 
7f1ea8021000-7f1eac000000 ---p 00000000 00:00 0 
7f1eac000000-7f1eac002000 r--s 00005000 08:02 5513                       /home/nestor_milian/.gradle/wrapper/dists/gradle-2.14.1-all/8bnwg5hd3w55iofp58khbp6yv/gradle-2.14.1/lib/gradle-cli-2.14.1.jar
7f1eac002000-7f1eac004000 r--s 00007000 08:02 5523                       /home/nestor_milian/.gradle/wrapper/dists/gradle-2.14.1-all/8bnwg5hd3w55iofp58khbp6yv/gradle-2.14.1/lib/gradle-model-groovy-2.14.1.jar
7f1eac004000-7f1eac005000 r--s 00006000 08:02 5530                       /home/nestor_milian/.gradle/wrapper/dists/gradle-2.14.1-all/8bnwg5hd3w55iofp58khbp6yv/gradle-2.14.1/lib/gradle-base-services-groovy-2.14.1.jar
7f1eac005000-7f1eac006000 r--s 00002000 08:02 5534                       /home/nestor_milian/.gradle/wrapper/dists/gradle-2.14.1-all/8bnwg5hd3w55iofp58khbp6yv/gradle-2.14.1/lib/gradle-docs-2.14.1.jar
7f1eac006000-7f1eac00a000 r--s 00027000 08:02 5527                       /home/nestor_milian/.gradle/wrapper/dists/gradle-2.14.1-all/8bnwg5hd3w55iofp58khbp6yv/gradle-2.14.1/lib/commons-io-2.2.jar
7f1eac00a000-7f1eac017000 r--s 00083000 08:02 5526                       /home/nestor_milian/.gradle/wrapper/dists/gradle-2.14.1-all/8bnwg5hd3w55iofp58khbp6yv/gradle-2.14.1/lib/commons-collections-3.2.2.jar
7f1eac017000-7f1eac03f000 r--s 001cf000 08:02 5518                       /home/nestor_milian/.gradle/wrapper/dists/gradle-2.14.1-all/8bnwg5hd3w55iofp58khbp6yv/gradle-2.14.1/lib/guava-jdk5-17.0.jar
7f1eac03f000-7f1eac05e000 r--s 001d1000 08:02 5525                       /home/nestor_milian/.gradle/wrapper/dists/gradle-2.14.1-all/8bnwg5hd3w55iofp58khbp6yv/gradle-2.14.1/lib/ant-1.9.6.jar
7f1eac05e000-7f1eac095000 r--s 001bd000 08:02 5512                       /home/nestor_milian/.gradle/wrapper/dists/gradle-2.14.1-all/8bnwg5hd3w55iofp58khbp6yv/gradle-2.14.1/lib/gradle-core-2.14.1.jar
7f1eac095000-7f1eac0c6000 rw-p 00000000 00:00 0 
7f1eac0c6000-7f1eac0c9000 ---p 00000000 00:00 0 
7f1eac0c9000-7f1eac1c7000 rw-p 00000000 00:00 0 
7f1eac1c7000-7f1eac5d3000 r--p 00000000 08:02 10770028                   /usr/lib/locale/locale-archive
7f1eac5d3000-7f1eac5d6000 ---p 00000000 00:00 0 
7f1eac5d6000-7f1eac6d4000 rw-p 00000000 00:00 0 
7f1eac6d4000-7f1eac6d7000 ---p 00000000 00:00 0 
7f1eac6d7000-7f1eac7d5000 rw-p 00000000 00:00 0 
7f1eac7d5000-7f1eac7d6000 ---p 00000000 00:00 0 
7f1eac7d6000-7f1ead806000 rw-p 00000000 00:00 0 
7f1ead806000-7f1ead9e0000 r--s 03d4d000 08:02 11030762                   /usr/lib/jvm/java-8-oracle/jre/lib/rt.jar
7f1ead9e0000-7f1eb0000000 rw-p 00000000 00:00 0 
7f1eb0000000-7f1eb0021000 rw-p 00000000 00:00 0 
7f1eb0021000-7f1eb4000000 ---p 00000000 00:00 0 
7f1eb4000000-7f1eb4001000 r--s 00000000 08:02 5529                       /home/nestor_milian/.gradle/wrapper/dists/gradle-2.14.1-all/8bnwg5hd3w55iofp58khbp6yv/gradle-2.14.1/lib/javax.inject-1.jar
7f1eb4001000-7f1eb4002000 r--s 00000000 08:02 5528                       /home/nestor_milian/.gradle/wrapper/dists/gradle-2.14.1-all/8bnwg5hd3w55iofp58khbp6yv/gradle-2.14.1/lib/jcip-annotations-1.0.jar
7f1eb4002000-7f1eb4007000 r--s 00038000 08:02 5524                       /home/nestor_milian/.gradle/wrapper/dists/gradle-2.14.1-all/8bnwg5hd3w55iofp58khbp6yv/gradle-2.14.1/lib/asm-all-5.1.jar
7f1eb4007000-7f1eb4008000 r--s 00001000 08:02 5520                       /home/nestor_milian/.gradle/wrapper/dists/gradle-2.14.1-all/8bnwg5hd3w55iofp58khbp6yv/gradle-2.14.1/lib/gradle-process-services-2.14.1.jar
7f1eb4008000-7f1eb400d000 r--s 00041000 08:02 5519                       /home/nestor_milian/.gradle/wrapper/dists/gradle-2.14.1-all/8bnwg5hd3w55iofp58khbp6yv/gradle-2.14.1/lib/commons-lang-2.6.jar
7f1eb400d000-7f1eb4015000 r--s 0003a000 08:02 5510                       /home/nestor_milian/.gradle/wrapper/dists/gradle-2.14.1-all/8bnwg5hd3w55iofp58khbp6yv/gradle-2.14.1/lib/gradle-base-services-2.14.1.jar
7f1eb4015000-7f1eb4020000 r--s 00051000 08:02 5507                       /home/nestor_milian/.gradle/wrapper/dists/gradle-2.14.1-all/8bnwg5hd3w55iofp58khbp6yv/gradle-2.14.1/lib/gradle-launcher-2.14.1.jar
7f1eb4020000-7f1eb42fc000 rw-p 00000000 00:00 0 
7f1eb42fc000-7f1eb42fd000 ---p 00000000 00:00 0 
7f1eb42fd000-7f1eb43fd000 rw-p 00000000 00:00 0 
7f1eb43fd000-7f1eb43fe000 ---p 00000000 00:00 0 
7f1eb43fe000-7f1eb44fe000 rw-p 00000000 00:00 0 
7f1eb44fe000-7f1eb44ff000 ---p 00000000 00:00 0 
7f1eb44ff000-7f1eb45ff000 rw-p 00000000 00:00 0 
7f1eb45ff000-7f1eb4600000 ---p 00000000 00:00 0 
7f1eb4600000-7f1eb4715000 rw-p 00000000 00:00 0 
7f1eb4715000-7f1eb4842000 ---p 00000000 00:00 0 
7f1eb4842000-7f1eb4857000 rw-p 00000000 00:00 0 
7f1eb4857000-7f1eb4983000 ---p 00000000 00:00 0 
7f1eb4983000-7f1eb4996000 rw-p 00000000 00:00 0 
7f1eb4996000-7f1eb4a24000 ---p 00000000 00:00 0 
7f1eb4a24000-7f1eb4a36000 rw-p 00000000 00:00 0 
7f1eb4a36000-7f1eb4de5000 ---p 00000000 00:00 0 
7f1eb4de5000-7f1eb5205000 rwxp 00000000 00:00 0 
7f1eb5205000-7f1ec3de5000 ---p 00000000 00:00 0 
7f1ec3de5000-7f1ec3dff000 r-xp 00000000 08:02 11144692                   /usr/lib/jvm/java-8-oracle/jre/lib/amd64/libzip.so
7f1ec3dff000-7f1ec3fff000 ---p 0001a000 08:02 11144692                   /usr/lib/jvm/java-8-oracle/jre/lib/amd64/libzip.so
7f1ec3fff000-7f1ec4000000 rw-p 0001a000 08:02 11144692                   /usr/lib/jvm/java-8-oracle/jre/lib/amd64/libzip.so
7f1ec4000000-7f1ec5063000 rw-p 00000000 00:00 0 
7f1ec5063000-7f1ec8000000 ---p 00000000 00:00 0 
7f1ec8000000-7f1ec800b000 r-xp 00000000 08:02 4194675                    /lib/x86_64-linux-gnu/libnss_files-2.24.so
7f1ec800b000-7f1ec820a000 ---p 0000b000 08:02 4194675                    /lib/x86_64-linux-gnu/libnss_files-2.24.so
7f1ec820a000-7f1ec820b000 r--p 0000a000 08:02 4194675                    /lib/x86_64-linux-gnu/libnss_files-2.24.so
7f1ec820b000-7f1ec820c000 rw-p 0000b000 08:02 4194675                    /lib/x86_64-linux-gnu/libnss_files-2.24.so
7f1ec820c000-7f1ec8212000 rw-p 00000000 00:00 0 
7f1ec8212000-7f1ec821d000 r-xp 00000000 08:02 4194677                    /lib/x86_64-linux-gnu/libnss_nis-2.24.so
7f1ec821d000-7f1ec841c000 ---p 0000b000 08:02 4194677                    /lib/x86_64-linux-gnu/libnss_nis-2.24.so
7f1ec841c000-7f1ec841d000 r--p 0000a000 08:02 4194677                    /lib/x86_64-linux-gnu/libnss_nis-2.24.so
7f1ec841d000-7f1ec841e000 rw-p 0000b000 08:02 4194677                    /lib/x86_64-linux-gnu/libnss_nis-2.24.so
7f1ec841e000-7f1ec8434000 r-xp 00000000 08:02 4194672                    /lib/x86_64-linux-gnu/libnsl-2.24.so
7f1ec8434000-7f1ec8633000 ---p 00016000 08:02 4194672                    /lib/x86_64-linux-gnu/libnsl-2.24.so
7f1ec8633000-7f1ec8634000 r--p 00015000 08:02 4194672                    /lib/x86_64-linux-gnu/libnsl-2.24.so
7f1ec8634000-7f1ec8635000 rw-p 00016000 08:02 4194672                    /lib/x86_64-linux-gnu/libnsl-2.24.so
7f1ec8635000-7f1ec8637000 rw-p 00000000 00:00 0 
7f1ec8637000-7f1ec863f000 r-xp 00000000 08:02 4194673                    /lib/x86_64-linux-gnu/libnss_compat-2.24.so
7f1ec863f000-7f1ec883e000 ---p 00008000 08:02 4194673                    /lib/x86_64-linux-gnu/libnss_compat-2.24.so
7f1ec883e000-7f1ec883f000 r--p 00007000 08:02 4194673                    /lib/x86_64-linux-gnu/libnss_compat-2.24.so
7f1ec883f000-7f1ec8840000 rw-p 00008000 08:02 4194673                    /lib/x86_64-linux-gnu/libnss_compat-2.24.so
7f1ec8840000-7f1ec886b000 r-xp 00000000 08:02 11144722                   /usr/lib/jvm/java-8-oracle/jre/lib/amd64/libjava.so
7f1ec886b000-7f1ec8a6a000 ---p 0002b000 08:02 11144722                   /usr/lib/jvm/java-8-oracle/jre/lib/amd64/libjava.so
7f1ec8a6a000-7f1ec8a6c000 rw-p 0002a000 08:02 11144722                   /usr/lib/jvm/java-8-oracle/jre/lib/amd64/libjava.so
7f1ec8a6c000-7f1ec8a79000 r-xp 00000000 08:02 11144670                   /usr/lib/jvm/java-8-oracle/jre/lib/amd64/libverify.so
7f1ec8a79000-7f1ec8c79000 ---p 0000d000 08:02 11144670                   /usr/lib/jvm/java-8-oracle/jre/lib/amd64/libverify.so
7f1ec8c79000-7f1ec8c7b000 rw-p 0000d000 08:02 11144670                   /usr/lib/jvm/java-8-oracle/jre/lib/amd64/libverify.so
7f1ec8c7b000-7f1ec8c82000 r-xp 00000000 08:02 4194682                    /lib/x86_64-linux-gnu/librt-2.24.so
7f1ec8c82000-7f1ec8e81000 ---p 00007000 08:02 4194682                    /lib/x86_64-linux-gnu/librt-2.24.so
7f1ec8e81000-7f1ec8e82000 r--p 00006000 08:02 4194682                    /lib/x86_64-linux-gnu/librt-2.24.so
7f1ec8e82000-7f1ec8e83000 rw-p 00007000 08:02 4194682                    /lib/x86_64-linux-gnu/librt-2.24.so
7f1ec8e83000-7f1ec8f8b000 r-xp 00000000 08:02 4194669                    /lib/x86_64-linux-gnu/libm-2.24.so
7f1ec8f8b000-7f1ec918a000 ---p 00108000 08:02 4194669                    /lib/x86_64-linux-gnu/libm-2.24.so
7f1ec918a000-7f1ec918b000 r--p 00107000 08:02 4194669                    /lib/x86_64-linux-gnu/libm-2.24.so
7f1ec918b000-7f1ec918c000 rw-p 00108000 08:02 4194669                    /lib/x86_64-linux-gnu/libm-2.24.so
7f1ec918c000-7f1ec9e5f000 r-xp 00000000 08:02 11145258                   /usr/lib/jvm/java-8-oracle/jre/lib/amd64/server/libjvm.so
7f1ec9e5f000-7f1eca05e000 ---p 00cd3000 08:02 11145258                   /usr/lib/jvm/java-8-oracle/jre/lib/amd64/server/libjvm.so
7f1eca05e000-7f1eca138000 rw-p 00cd2000 08:02 11145258                   /usr/lib/jvm/java-8-oracle/jre/lib/amd64/server/libjvm.so
7f1eca138000-7f1eca183000 rw-p 00000000 00:00 0 
7f1eca183000-7f1eca341000 r-xp 00000000 08:02 4194665                    /lib/x86_64-linux-gnu/libc-2.24.so
7f1eca341000-7f1eca540000 ---p 001be000 08:02 4194665                    /lib/x86_64-linux-gnu/libc-2.24.so
7f1eca540000-7f1eca544000 r--p 001bd000 08:02 4194665                    /lib/x86_64-linux-gnu/libc-2.24.so
7f1eca544000-7f1eca546000 rw-p 001c1000 08:02 4194665                    /lib/x86_64-linux-gnu/libc-2.24.so
7f1eca546000-7f1eca54a000 rw-p 00000000 00:00 0 
7f1eca54a000-7f1eca54d000 r-xp 00000000 08:02 4194668                    /lib/x86_64-linux-gnu/libdl-2.24.so
7f1eca54d000-7f1eca74c000 ---p 00003000 08:02 4194668                    /lib/x86_64-linux-gnu/libdl-2.24.so
7f1eca74c000-7f1eca74d000 r--p 00002000 08:02 4194668                    /lib/x86_64-linux-gnu/libdl-2.24.so
7f1eca74d000-7f1eca74e000 rw-p 00003000 08:02 4194668                    /lib/x86_64-linux-gnu/libdl-2.24.so
7f1eca74e000-7f1eca763000 r-xp 00000000 08:02 11029855                   /usr/lib/jvm/java-8-oracle/lib/amd64/jli/libjli.so
7f1eca763000-7f1eca963000 ---p 00015000 08:02 11029855                   /usr/lib/jvm/java-8-oracle/lib/amd64/jli/libjli.so
7f1eca963000-7f1eca964000 rw-p 00015000 08:02 11029855                   /usr/lib/jvm/java-8-oracle/lib/amd64/jli/libjli.so
7f1eca964000-7f1eca97c000 r-xp 00000000 08:02 4194680                    /lib/x86_64-linux-gnu/libpthread-2.24.so
7f1eca97c000-7f1ecab7c000 ---p 00018000 08:02 4194680                    /lib/x86_64-linux-gnu/libpthread-2.24.so
7f1ecab7c000-7f1ecab7d000 r--p 00018000 08:02 4194680                    /lib/x86_64-linux-gnu/libpthread-2.24.so
7f1ecab7d000-7f1ecab7e000 rw-p 00019000 08:02 4194680                    /lib/x86_64-linux-gnu/libpthread-2.24.so
7f1ecab7e000-7f1ecab82000 rw-p 00000000 00:00 0 
7f1ecab82000-7f1ecaba8000 r-xp 00000000 08:02 4194388                    /lib/x86_64-linux-gnu/ld-2.24.so
7f1ecaba8000-7f1ecaba9000 r--s 00000000 08:02 5511                       /home/nestor_milian/.gradle/wrapper/dists/gradle-2.14.1-all/8bnwg5hd3w55iofp58khbp6yv/gradle-2.14.1/lib/gradle-jvm-services-2.14.1.jar
7f1ecaba9000-7f1ecabaa000 r--s 00007000 08:02 5517                       /home/nestor_milian/.gradle/wrapper/dists/gradle-2.14.1-all/8bnwg5hd3w55iofp58khbp6yv/gradle-2.14.1/lib/slf4j-api-1.7.10.jar
7f1ecabaa000-7f1ecabaf000 r--s 0009a000 08:02 11030757                   /usr/lib/jvm/java-8-oracle/jre/lib/jsse.jar
7f1ecabaf000-7f1ecabb1000 r--s 0000b000 08:02 12079620                   /home/nestor_milian/reactApp/clapmapRN/android/gradle/wrapper/gradle-wrapper.jar
7f1ecabb1000-7f1ecac83000 rw-p 00000000 00:00 0 
7f1ecac83000-7f1ecac86000 ---p 00000000 00:00 0 
7f1ecac86000-7f1ecad86000 rw-p 00000000 00:00 0 
7f1ecad86000-7f1ecad87000 r--s 00004000 08:02 5541                       /home/nestor_milian/.gradle/wrapper/dists/gradle-2.14.1-all/8bnwg5hd3w55iofp58khbp6yv/gradle-2.14.1/lib/ant-launcher-1.9.6.jar
7f1ecad87000-7f1ecad9a000 rw-p 00000000 00:00 0 
7f1ecad9a000-7f1ecada2000 rw-s 00000000 08:02 8144791                    /tmp/hsperfdata_nestor_milian/9987
7f1ecada2000-7f1ecada3000 rw-p 00000000 00:00 0 
7f1ecada3000-7f1ecada4000 ---p 00000000 00:00 0 
7f1ecada4000-7f1ecada7000 rw-p 00000000 00:00 0 
7f1ecada7000-7f1ecada8000 r--p 00025000 08:02 4194388                    /lib/x86_64-linux-gnu/ld-2.24.so
7f1ecada8000-7f1ecada9000 rw-p 00026000 08:02 4194388                    /lib/x86_64-linux-gnu/ld-2.24.so
7f1ecada9000-7f1ecadaa000 rw-p 00000000 00:00 0 
7ffefab46000-7ffefab68000 rw-p 00000000 00:00 0                          [stack]
7ffefab9a000-7ffefab9c000 r--p 00000000 00:00 0                          [vvar]
7ffefab9c000-7ffefab9e000 r-xp 00000000 00:00 0                          [vdso]
ffffffffff600000-ffffffffff601000 r-xp 00000000 00:00 0                  [vsyscall]

VM Arguments:
jvm_args: -Dorg.gradle.appname=gradlew 
java_command: org.gradle.wrapper.GradleWrapperMain installDebug
java_class_path (initial): /home/nestor_milian/reactApp/clapmapRN/android/gradle/wrapper/gradle-wrapper.jar
Launcher Type: SUN_STANDARD

Environment Variables:
JAVA_HOME=/usr/lib/jvm/java-8-oracle
PATH=/home/nestor_milian/google-cloud-sdk/bin:/home/nestor_milian/.local/share/umake/bin:/home/nestor_milian/bin:/home/nestor_milian/.local/bin:/usr/local/sbin:/usr/local/bin:/usr/sbin:/usr/bin:/sbin:/bin:/usr/games:/usr/local/games:/snap/bin:/usr/lib/jvm/java-8-oracle/bin:/usr/lib/jvm/java-8-oracle/db/bin:/usr/lib/jvm/java-8-oracle/jre/bin:/home/nestor_milian/Android/Sdk/tools:/home/nestor_milian/Android/Sdk/platform-tools:/home/nestor_milian/Android/Sdk/platform-tools:/home/nestor_milian/Android/Sdk/tools
SHELL=/bin/bash
DISPLAY=:0

Signal Handlers:
SIGSEGV: [libjvm.so+0xacba10], sa_mask[0]=11111111011111111101111111111110, sa_flags=SA_RESTART|SA_SIGINFO
SIGBUS: [libjvm.so+0xacba10], sa_mask[0]=11111111011111111101111111111110, sa_flags=SA_RESTART|SA_SIGINFO
SIGFPE: [libjvm.so+0x924ba0], sa_mask[0]=11111111011111111101111111111110, sa_flags=SA_RESTART|SA_SIGINFO
SIGPIPE: [libjvm.so+0x924ba0], sa_mask[0]=11111111011111111101111111111110, sa_flags=SA_RESTART|SA_SIGINFO
SIGXFSZ: [libjvm.so+0x924ba0], sa_mask[0]=11111111011111111101111111111110, sa_flags=SA_RESTART|SA_SIGINFO
SIGILL: [libjvm.so+0x924ba0], sa_mask[0]=11111111011111111101111111111110, sa_flags=SA_RESTART|SA_SIGINFO
SIGUSR1: SIG_DFL, sa_mask[0]=00000000000000000000000000000000, sa_flags=none
SIGUSR2: [libjvm.so+0x9263e0], sa_mask[0]=00000000000000000000000000000000, sa_flags=SA_RESTART|SA_SIGINFO
SIGHUP: [libjvm.so+0x9277e0], sa_mask[0]=11111111011111111101111111111110, sa_flags=SA_RESTART|SA_SIGINFO
SIGINT: [libjvm.so+0x9277e0], sa_mask[0]=11111111011111111101111111111110, sa_flags=SA_RESTART|SA_SIGINFO
SIGTERM: [libjvm.so+0x9277e0], sa_mask[0]=11111111011111111101111111111110, sa_flags=SA_RESTART|SA_SIGINFO
SIGQUIT: [libjvm.so+0x9277e0], sa_mask[0]=11111111011111111101111111111110, sa_flags=SA_RESTART|SA_SIGINFO


---------------  S Y S T E M  ---------------

OS:DISTRIB_ID=Ubuntu
DISTRIB_RELEASE=17.04
DISTRIB_CODENAME=zesty
DISTRIB_DESCRIPTION="Ubuntu 17.04"

uname:Linux 4.10.0-32-generic #36-Ubuntu SMP Tue Aug 8 12:10:06 UTC 2017 x86_64
libc:glibc 2.24 NPTL 2.24 
rlimit: STACK 8192k, CORE 0k, NPROC 14838, NOFILE 4096, AS infinity
load average:4.64 2.45 3.30

/proc/meminfo:
MemTotal:        3947732 kB
MemFree:           84736 kB
MemAvailable:          0 kB
Buffers:             352 kB
Cached:           333400 kB
SwapCached:         1068 kB
Active:          2980620 kB
Inactive:         602524 kB
Active(anon):    2972436 kB
Inactive(anon):   594396 kB
Active(file):       8184 kB
Inactive(file):     8128 kB
Unevictable:         216 kB
Mlocked:             216 kB
SwapTotal:       4097020 kB
SwapFree:              0 kB
Dirty:                 0 kB
Writeback:           552 kB
AnonPages:       3249516 kB
Mapped:            14824 kB
Shmem:            317196 kB
Slab:              96820 kB
SReclaimable:      43700 kB
SUnreclaim:        53120 kB
KernelStack:       14352 kB
PageTables:        83668 kB
NFS_Unstable:          0 kB
Bounce:                0 kB
WritebackTmp:          0 kB
CommitLimit:     6070884 kB
Committed_AS:   15086516 kB
VmallocTotal:   34359738367 kB
VmallocUsed:           0 kB
VmallocChunk:          0 kB
HardwareCorrupted:     0 kB
AnonHugePages:    102400 kB
ShmemHugePages:        0 kB
ShmemPmdMapped:        0 kB
CmaTotal:              0 kB
CmaFree:               0 kB
HugePages_Total:       0
HugePages_Free:        0
HugePages_Rsvd:        0
HugePages_Surp:        0
Hugepagesize:       2048 kB
DirectMap4k:      227144 kB
DirectMap2M:     3870720 kB
DirectMap1G:           0 kB


CPU:total 4 (initial active 4) (2 cores per cpu, 2 threads per core) family 6 model 69 stepping 1, cmov, cx8, fxsr, mmx, sse, sse2, sse3, ssse3, sse4.1, sse4.2, popcnt, avx, avx2, aes, clmul, erms, lzcnt, ht, tsc, tscinvbit, bmi1, bmi2

/proc/cpuinfo:
processor	: 0
vendor_id	: GenuineIntel
cpu family	: 6
model		: 69
model name	: Intel(R) Core(TM) i5-4310U CPU @ 2.00GHz
stepping	: 1
microcode	: 0x20
cpu MHz		: 2699.975
cache size	: 3072 KB
physical id	: 0
siblings	: 4
core id		: 0
cpu cores	: 2
apicid		: 0
initial apicid	: 0
fpu		: yes
fpu_exception	: yes
cpuid level	: 13
wp		: yes
flags		: fpu vme de pse tsc msr pae mce cx8 apic sep mtrr pge mca cmov pat pse36 clflush dts acpi mmx fxsr sse sse2 ss ht tm pbe syscall nx pdpe1gb rdtscp lm constant_tsc arch_perfmon pebs bts rep_good nopl xtopology nonstop_tsc aperfmperf pni pclmulqdq dtes64 monitor ds_cpl vmx smx est tm2 ssse3 sdbg fma cx16 xtpr pdcm pcid sse4_1 sse4_2 x2apic movbe popcnt tsc_deadline_timer aes xsave avx f16c rdrand lahf_lm abm epb tpr_shadow vnmi flexpriority ept vpid fsgsbase tsc_adjust bmi1 avx2 smep bmi2 erms invpcid xsaveopt dtherm ida arat pln pts
bugs		:
bogomips	: 5187.90
clflush size	: 64
cache_alignment	: 64
address sizes	: 39 bits physical, 48 bits virtual
power management:

processor	: 1
vendor_id	: GenuineIntel
cpu family	: 6
model		: 69
model name	: Intel(R) Core(TM) i5-4310U CPU @ 2.00GHz
stepping	: 1
microcode	: 0x20
cpu MHz		: 2656.018
cache size	: 3072 KB
physical id	: 0
siblings	: 4
core id		: 1
cpu cores	: 2
apicid		: 2
initial apicid	: 2
fpu		: yes
fpu_exception	: yes
cpuid level	: 13
wp		: yes
flags		: fpu vme de pse tsc msr pae mce cx8 apic sep mtrr pge mca cmov pat pse36 clflush dts acpi mmx fxsr sse sse2 ss ht tm pbe syscall nx pdpe1gb rdtscp lm constant_tsc arch_perfmon pebs bts rep_good nopl xtopology nonstop_tsc aperfmperf pni pclmulqdq dtes64 monitor ds_cpl vmx smx est tm2 ssse3 sdbg fma cx16 xtpr pdcm pcid sse4_1 sse4_2 x2apic movbe popcnt tsc_deadline_timer aes xsave avx f16c rdrand lahf_lm abm epb tpr_shadow vnmi flexpriority ept vpid fsgsbase tsc_adjust bmi1 avx2 smep bmi2 erms invpcid xsaveopt dtherm ida arat pln pts
bugs		:
bogomips	: 5187.90
clflush size	: 64
cache_alignment	: 64
address sizes	: 39 bits physical, 48 bits virtual
power management:

processor	: 2
vendor_id	: GenuineIntel
cpu family	: 6
model		: 69
model name	: Intel(R) Core(TM) i5-4310U CPU @ 2.00GHz
stepping	: 1
microcode	: 0x20
cpu MHz		: 2699.975
cache size	: 3072 KB
physical id	: 0
siblings	: 4
core id		: 0
cpu cores	: 2
apicid		: 1
initial apicid	: 1
fpu		: yes
fpu_exception	: yes
cpuid level	: 13
wp		: yes
flags		: fpu vme de pse tsc msr pae mce cx8 apic sep mtrr pge mca cmov pat pse36 clflush dts acpi mmx fxsr sse sse2 ss ht tm pbe syscall nx pdpe1gb rdtscp lm constant_tsc arch_perfmon pebs bts rep_good nopl xtopology nonstop_tsc aperfmperf pni pclmulqdq dtes64 monitor ds_cpl vmx smx est tm2 ssse3 sdbg fma cx16 xtpr pdcm pcid sse4_1 sse4_2 x2apic movbe popcnt tsc_deadline_timer aes xsave avx f16c rdrand lahf_lm abm epb tpr_shadow vnmi flexpriority ept vpid fsgsbase tsc_adjust bmi1 avx2 smep bmi2 erms invpcid xsaveopt dtherm ida arat pln pts
bugs		:
bogomips	: 5187.90
clflush size	: 64
cache_alignment	: 64
address sizes	: 39 bits physical, 48 bits virtual
power management:

processor	: 3
vendor_id	: GenuineIntel
cpu family	: 6
model		: 69
model name	: Intel(R) Core(TM) i5-4310U CPU @ 2.00GHz
stepping	: 1
microcode	: 0x20
cpu MHz		: 2699.975
cache size	: 3072 KB
physical id	: 0
siblings	: 4
core id		: 1
cpu cores	: 2
apicid		: 3
initial apicid	: 3
fpu		: yes
fpu_exception	: yes
cpuid level	: 13
wp		: yes
flags		: fpu vme de pse tsc msr pae mce cx8 apic sep mtrr pge mca cmov pat pse36 clflush dts acpi mmx fxsr sse sse2 ss ht tm pbe syscall nx pdpe1gb rdtscp lm constant_tsc arch_perfmon pebs bts rep_good nopl xtopology nonstop_tsc aperfmperf pni pclmulqdq dtes64 monitor ds_cpl vmx smx est tm2 ssse3 sdbg fma cx16 xtpr pdcm pcid sse4_1 sse4_2 x2apic movbe popcnt tsc_deadline_timer aes xsave avx f16c rdrand lahf_lm abm epb tpr_shadow vnmi flexpriority ept vpid fsgsbase tsc_adjust bmi1 avx2 smep bmi2 erms invpcid xsaveopt dtherm ida arat pln pts
bugs		:
bogomips	: 5187.90
clflush size	: 64
cache_alignment	: 64
address sizes	: 39 bits physical, 48 bits virtual
power management:



Memory: 4k page, physical 3947732k(84324k free), swap 4097020k(0k free)

vm_info: Java HotSpot(TM) 64-Bit Server VM (25.144-b01) for linux-amd64 JRE (1.8.0_144-b01), built on Jul 21 2017 21:57:33 by "java_re" with gcc 4.3.0 20080428 (Red Hat 4.3.0-8)

time: Mon Aug 21 11:58:28 2017
elapsed time: 22 seconds (0d 0h 0m 22s)

